[0.013s] Invoking command in '/home/wonsuk1025/jeju_ws/build/my_lane_msgs': CMAKE_PREFIX_PATH=/opt/ros/humble /usr/bin/cmake --build /home/wonsuk1025/jeju_ws/build/my_lane_msgs -- -j16 -l16
[0.087s] [  3%] Built target my_lane_msgs__cpp
[0.087s] [ 12%] Built target my_lane_msgs__rosidl_generator_c
[0.099s] [ 12%] Built target ament_cmake_python_copy_my_lane_msgs
[0.111s] [ 41%] Built target my_lane_msgs__rosidl_typesupport_introspection_cpp
[0.111s] [ 41%] Built target my_lane_msgs__rosidl_typesupport_fastrtps_cpp
[0.111s] [ 41%] Built target my_lane_msgs__rosidl_typesupport_cpp
[0.122s] [ 70%] Built target my_lane_msgs__rosidl_typesupport_fastrtps_c
[0.122s] [ 70%] Built target my_lane_msgs__rosidl_typesupport_introspection_c
[0.122s] [ 70%] Built target my_lane_msgs__rosidl_typesupport_c
[0.147s] [ 70%] Built target my_lane_msgs
[0.170s] [ 74%] Built target my_lane_msgs__py
[0.192s] [ 80%] Built target my_lane_msgs__rosidl_generator_py
[0.215s] [100%] Built target my_lane_msgs__rosidl_typesupport_introspection_c__pyext
[0.215s] [100%] Built target my_lane_msgs__rosidl_typesupport_c__pyext
[0.215s] [100%] Built target my_lane_msgs__rosidl_typesupport_fastrtps_c__pyext
[0.244s] running egg_info
[0.244s] writing my_lane_msgs.egg-info/PKG-INFO
[0.244s] writing dependency_links to my_lane_msgs.egg-info/dependency_links.txt
[0.244s] writing top-level names to my_lane_msgs.egg-info/top_level.txt
[0.246s] reading manifest file 'my_lane_msgs.egg-info/SOURCES.txt'
[0.247s] writing manifest file 'my_lane_msgs.egg-info/SOURCES.txt'
[0.273s] [100%] Built target ament_cmake_python_build_my_lane_msgs_egg
[0.285s] Invoked command in '/home/wonsuk1025/jeju_ws/build/my_lane_msgs' returned '0': CMAKE_PREFIX_PATH=/opt/ros/humble /usr/bin/cmake --build /home/wonsuk1025/jeju_ws/build/my_lane_msgs -- -j16 -l16
[0.296s] Invoking command in '/home/wonsuk1025/jeju_ws/build/my_lane_msgs': CMAKE_PREFIX_PATH=/opt/ros/humble /usr/bin/cmake --install /home/wonsuk1025/jeju_ws/build/my_lane_msgs
[0.302s] -- Install configuration: ""
[0.303s] -- Up-to-date: /home/wonsuk1025/jeju_ws/install/my_lane_msgs/share/ament_index/resource_index/rosidl_interfaces/my_lane_msgs
[0.303s] -- Up-to-date: /home/wonsuk1025/jeju_ws/install/my_lane_msgs/include/my_lane_msgs/my_lane_msgs
[0.303s] -- Up-to-date: /home/wonsuk1025/jeju_ws/install/my_lane_msgs/include/my_lane_msgs/my_lane_msgs/msg
[0.304s] -- Up-to-date: /home/wonsuk1025/jeju_ws/install/my_lane_msgs/include/my_lane_msgs/my_lane_msgs/msg/lane_points.h
[0.304s] -- Up-to-date: /home/wonsuk1025/jeju_ws/install/my_lane_msgs/include/my_lane_msgs/my_lane_msgs/msg/detail
[0.304s] -- Up-to-date: /home/wonsuk1025/jeju_ws/install/my_lane_msgs/include/my_lane_msgs/my_lane_msgs/msg/detail/lane_points__type_support.h
[0.304s] -- Up-to-date: /home/wonsuk1025/jeju_ws/install/my_lane_msgs/include/my_lane_msgs/my_lane_msgs/msg/detail/lane_points__functions.h
[0.304s] -- Up-to-date: /home/wonsuk1025/jeju_ws/install/my_lane_msgs/include/my_lane_msgs/my_lane_msgs/msg/detail/lane_points__struct.h
[0.304s] -- Up-to-date: /home/wonsuk1025/jeju_ws/install/my_lane_msgs/include/my_lane_msgs/my_lane_msgs/msg/detail/lane_points__functions.c
[0.304s] -- Up-to-date: /home/wonsuk1025/jeju_ws/install/my_lane_msgs/include/my_lane_msgs/my_lane_msgs/msg/rosidl_generator_c__visibility_control.h
[0.304s] -- Up-to-date: /home/wonsuk1025/jeju_ws/install/my_lane_msgs/share/my_lane_msgs/environment/library_path.sh
[0.304s] -- Up-to-date: /home/wonsuk1025/jeju_ws/install/my_lane_msgs/share/my_lane_msgs/environment/library_path.dsv
[0.304s] -- Up-to-date: /home/wonsuk1025/jeju_ws/install/my_lane_msgs/lib/libmy_lane_msgs__rosidl_generator_c.so
[0.305s] -- Up-to-date: /home/wonsuk1025/jeju_ws/install/my_lane_msgs/include/my_lane_msgs/my_lane_msgs
[0.305s] -- Up-to-date: /home/wonsuk1025/jeju_ws/install/my_lane_msgs/include/my_lane_msgs/my_lane_msgs/msg
[0.305s] -- Up-to-date: /home/wonsuk1025/jeju_ws/install/my_lane_msgs/include/my_lane_msgs/my_lane_msgs/msg/detail
[0.305s] -- Up-to-date: /home/wonsuk1025/jeju_ws/install/my_lane_msgs/include/my_lane_msgs/my_lane_msgs/msg/detail/lane_points__rosidl_typesupport_fastrtps_c.h
[0.305s] -- Up-to-date: /home/wonsuk1025/jeju_ws/install/my_lane_msgs/include/my_lane_msgs/my_lane_msgs/msg/rosidl_typesupport_fastrtps_c__visibility_control.h
[0.305s] -- Up-to-date: /home/wonsuk1025/jeju_ws/install/my_lane_msgs/lib/libmy_lane_msgs__rosidl_typesupport_fastrtps_c.so
[0.305s] -- Up-to-date: /home/wonsuk1025/jeju_ws/install/my_lane_msgs/include/my_lane_msgs/my_lane_msgs
[0.305s] -- Up-to-date: /home/wonsuk1025/jeju_ws/install/my_lane_msgs/include/my_lane_msgs/my_lane_msgs/msg
[0.305s] -- Up-to-date: /home/wonsuk1025/jeju_ws/install/my_lane_msgs/include/my_lane_msgs/my_lane_msgs/msg/rosidl_typesupport_introspection_c__visibility_control.h
[0.305s] -- Up-to-date: /home/wonsuk1025/jeju_ws/install/my_lane_msgs/include/my_lane_msgs/my_lane_msgs/msg/detail
[0.305s] -- Up-to-date: /home/wonsuk1025/jeju_ws/install/my_lane_msgs/include/my_lane_msgs/my_lane_msgs/msg/detail/lane_points__type_support.c
[0.305s] -- Up-to-date: /home/wonsuk1025/jeju_ws/install/my_lane_msgs/include/my_lane_msgs/my_lane_msgs/msg/detail/lane_points__rosidl_typesupport_introspection_c.h
[0.306s] -- Up-to-date: /home/wonsuk1025/jeju_ws/install/my_lane_msgs/lib/libmy_lane_msgs__rosidl_typesupport_introspection_c.so
[0.306s] -- Up-to-date: /home/wonsuk1025/jeju_ws/install/my_lane_msgs/lib/libmy_lane_msgs__rosidl_typesupport_c.so
[0.306s] -- Up-to-date: /home/wonsuk1025/jeju_ws/install/my_lane_msgs/include/my_lane_msgs/my_lane_msgs
[0.306s] -- Up-to-date: /home/wonsuk1025/jeju_ws/install/my_lane_msgs/include/my_lane_msgs/my_lane_msgs/msg
[0.306s] -- Up-to-date: /home/wonsuk1025/jeju_ws/install/my_lane_msgs/include/my_lane_msgs/my_lane_msgs/msg/detail
[0.306s] -- Up-to-date: /home/wonsuk1025/jeju_ws/install/my_lane_msgs/include/my_lane_msgs/my_lane_msgs/msg/detail/lane_points__struct.hpp
[0.306s] -- Up-to-date: /home/wonsuk1025/jeju_ws/install/my_lane_msgs/include/my_lane_msgs/my_lane_msgs/msg/detail/lane_points__type_support.hpp
[0.306s] -- Up-to-date: /home/wonsuk1025/jeju_ws/install/my_lane_msgs/include/my_lane_msgs/my_lane_msgs/msg/detail/lane_points__builder.hpp
[0.307s] -- Up-to-date: /home/wonsuk1025/jeju_ws/install/my_lane_msgs/include/my_lane_msgs/my_lane_msgs/msg/detail/lane_points__traits.hpp
[0.307s] -- Up-to-date: /home/wonsuk1025/jeju_ws/install/my_lane_msgs/include/my_lane_msgs/my_lane_msgs/msg/lane_points.hpp
[0.307s] -- Up-to-date: /home/wonsuk1025/jeju_ws/install/my_lane_msgs/include/my_lane_msgs/my_lane_msgs/msg/rosidl_generator_cpp__visibility_control.hpp
[0.307s] -- Up-to-date: /home/wonsuk1025/jeju_ws/install/my_lane_msgs/include/my_lane_msgs/my_lane_msgs
[0.307s] -- Up-to-date: /home/wonsuk1025/jeju_ws/install/my_lane_msgs/include/my_lane_msgs/my_lane_msgs/msg
[0.307s] -- Up-to-date: /home/wonsuk1025/jeju_ws/install/my_lane_msgs/include/my_lane_msgs/my_lane_msgs/msg/rosidl_typesupport_fastrtps_cpp__visibility_control.h
[0.307s] -- Up-to-date: /home/wonsuk1025/jeju_ws/install/my_lane_msgs/include/my_lane_msgs/my_lane_msgs/msg/detail
[0.307s] -- Up-to-date: /home/wonsuk1025/jeju_ws/install/my_lane_msgs/include/my_lane_msgs/my_lane_msgs/msg/detail/dds_fastrtps
[0.307s] -- Up-to-date: /home/wonsuk1025/jeju_ws/install/my_lane_msgs/include/my_lane_msgs/my_lane_msgs/msg/detail/lane_points__rosidl_typesupport_fastrtps_cpp.hpp
[0.307s] -- Up-to-date: /home/wonsuk1025/jeju_ws/install/my_lane_msgs/lib/libmy_lane_msgs__rosidl_typesupport_fastrtps_cpp.so
[0.307s] -- Up-to-date: /home/wonsuk1025/jeju_ws/install/my_lane_msgs/include/my_lane_msgs/my_lane_msgs
[0.307s] -- Up-to-date: /home/wonsuk1025/jeju_ws/install/my_lane_msgs/include/my_lane_msgs/my_lane_msgs/msg
[0.308s] -- Up-to-date: /home/wonsuk1025/jeju_ws/install/my_lane_msgs/include/my_lane_msgs/my_lane_msgs/msg/detail
[0.308s] -- Up-to-date: /home/wonsuk1025/jeju_ws/install/my_lane_msgs/include/my_lane_msgs/my_lane_msgs/msg/detail/lane_points__rosidl_typesupport_introspection_cpp.hpp
[0.308s] -- Up-to-date: /home/wonsuk1025/jeju_ws/install/my_lane_msgs/include/my_lane_msgs/my_lane_msgs/msg/detail/lane_points__type_support.cpp
[0.308s] -- Up-to-date: /home/wonsuk1025/jeju_ws/install/my_lane_msgs/lib/libmy_lane_msgs__rosidl_typesupport_introspection_cpp.so
[0.309s] -- Up-to-date: /home/wonsuk1025/jeju_ws/install/my_lane_msgs/lib/libmy_lane_msgs__rosidl_typesupport_cpp.so
[0.309s] -- Up-to-date: /home/wonsuk1025/jeju_ws/install/my_lane_msgs/share/my_lane_msgs/environment/pythonpath.sh
[0.309s] -- Up-to-date: /home/wonsuk1025/jeju_ws/install/my_lane_msgs/share/my_lane_msgs/environment/pythonpath.dsv
[0.309s] -- Up-to-date: /home/wonsuk1025/jeju_ws/install/my_lane_msgs/local/lib/python3.10/dist-packages/my_lane_msgs-0.0.1-py3.10.egg-info
[0.309s] -- Installing: /home/wonsuk1025/jeju_ws/install/my_lane_msgs/local/lib/python3.10/dist-packages/my_lane_msgs-0.0.1-py3.10.egg-info/SOURCES.txt
[0.309s] -- Installing: /home/wonsuk1025/jeju_ws/install/my_lane_msgs/local/lib/python3.10/dist-packages/my_lane_msgs-0.0.1-py3.10.egg-info/top_level.txt
[0.309s] -- Installing: /home/wonsuk1025/jeju_ws/install/my_lane_msgs/local/lib/python3.10/dist-packages/my_lane_msgs-0.0.1-py3.10.egg-info/dependency_links.txt
[0.309s] -- Installing: /home/wonsuk1025/jeju_ws/install/my_lane_msgs/local/lib/python3.10/dist-packages/my_lane_msgs-0.0.1-py3.10.egg-info/PKG-INFO
[0.309s] -- Up-to-date: /home/wonsuk1025/jeju_ws/install/my_lane_msgs/local/lib/python3.10/dist-packages/my_lane_msgs
[0.309s] -- Up-to-date: /home/wonsuk1025/jeju_ws/install/my_lane_msgs/local/lib/python3.10/dist-packages/my_lane_msgs/msg
[0.310s] -- Up-to-date: /home/wonsuk1025/jeju_ws/install/my_lane_msgs/local/lib/python3.10/dist-packages/my_lane_msgs/msg/_lane_points_s.c
[0.310s] -- Up-to-date: /home/wonsuk1025/jeju_ws/install/my_lane_msgs/local/lib/python3.10/dist-packages/my_lane_msgs/msg/_lane_points.py
[0.310s] -- Up-to-date: /home/wonsuk1025/jeju_ws/install/my_lane_msgs/local/lib/python3.10/dist-packages/my_lane_msgs/msg/__init__.py
[0.310s] -- Up-to-date: /home/wonsuk1025/jeju_ws/install/my_lane_msgs/local/lib/python3.10/dist-packages/my_lane_msgs/my_lane_msgs_s__rosidl_typesupport_c.cpython-310-x86_64-linux-gnu.so
[0.310s] -- Up-to-date: /home/wonsuk1025/jeju_ws/install/my_lane_msgs/local/lib/python3.10/dist-packages/my_lane_msgs/_my_lane_msgs_s.ep.rosidl_typesupport_introspection_c.c
[0.310s] -- Up-to-date: /home/wonsuk1025/jeju_ws/install/my_lane_msgs/local/lib/python3.10/dist-packages/my_lane_msgs/_my_lane_msgs_s.ep.rosidl_typesupport_fastrtps_c.c
[0.310s] -- Up-to-date: /home/wonsuk1025/jeju_ws/install/my_lane_msgs/local/lib/python3.10/dist-packages/my_lane_msgs/my_lane_msgs_s__rosidl_typesupport_introspection_c.cpython-310-x86_64-linux-gnu.so
[0.310s] -- Up-to-date: /home/wonsuk1025/jeju_ws/install/my_lane_msgs/local/lib/python3.10/dist-packages/my_lane_msgs/_my_lane_msgs_s.ep.rosidl_typesupport_c.c
[0.310s] -- Up-to-date: /home/wonsuk1025/jeju_ws/install/my_lane_msgs/local/lib/python3.10/dist-packages/my_lane_msgs/libmy_lane_msgs__rosidl_generator_py.so
[0.310s] -- Up-to-date: /home/wonsuk1025/jeju_ws/install/my_lane_msgs/local/lib/python3.10/dist-packages/my_lane_msgs/my_lane_msgs_s__rosidl_typesupport_fastrtps_c.cpython-310-x86_64-linux-gnu.so
[0.310s] -- Up-to-date: /home/wonsuk1025/jeju_ws/install/my_lane_msgs/local/lib/python3.10/dist-packages/my_lane_msgs/__init__.py
[0.331s] Listing '/home/wonsuk1025/jeju_ws/install/my_lane_msgs/local/lib/python3.10/dist-packages/my_lane_msgs'...
[0.331s] Listing '/home/wonsuk1025/jeju_ws/install/my_lane_msgs/local/lib/python3.10/dist-packages/my_lane_msgs/msg'...
[0.337s] -- Up-to-date: /home/wonsuk1025/jeju_ws/install/my_lane_msgs/local/lib/python3.10/dist-packages/my_lane_msgs/my_lane_msgs_s__rosidl_typesupport_fastrtps_c.cpython-310-x86_64-linux-gnu.so
[0.337s] -- Up-to-date: /home/wonsuk1025/jeju_ws/install/my_lane_msgs/local/lib/python3.10/dist-packages/my_lane_msgs/my_lane_msgs_s__rosidl_typesupport_introspection_c.cpython-310-x86_64-linux-gnu.so
[0.338s] -- Up-to-date: /home/wonsuk1025/jeju_ws/install/my_lane_msgs/local/lib/python3.10/dist-packages/my_lane_msgs/my_lane_msgs_s__rosidl_typesupport_c.cpython-310-x86_64-linux-gnu.so
[0.338s] -- Up-to-date: /home/wonsuk1025/jeju_ws/install/my_lane_msgs/lib/libmy_lane_msgs__rosidl_generator_py.so
[0.339s] -- Up-to-date: /home/wonsuk1025/jeju_ws/install/my_lane_msgs/share/my_lane_msgs/msg/LanePoints.idl
[0.339s] -- Up-to-date: /home/wonsuk1025/jeju_ws/install/my_lane_msgs/share/my_lane_msgs/msg/LanePoints.msg
[0.339s] -- Up-to-date: /home/wonsuk1025/jeju_ws/install/my_lane_msgs/share/ament_index/resource_index/package_run_dependencies/my_lane_msgs
[0.339s] -- Up-to-date: /home/wonsuk1025/jeju_ws/install/my_lane_msgs/share/ament_index/resource_index/parent_prefix_path/my_lane_msgs
[0.339s] -- Up-to-date: /home/wonsuk1025/jeju_ws/install/my_lane_msgs/share/my_lane_msgs/environment/ament_prefix_path.sh
[0.339s] -- Up-to-date: /home/wonsuk1025/jeju_ws/install/my_lane_msgs/share/my_lane_msgs/environment/ament_prefix_path.dsv
[0.339s] -- Up-to-date: /home/wonsuk1025/jeju_ws/install/my_lane_msgs/share/my_lane_msgs/environment/path.sh
[0.339s] -- Up-to-date: /home/wonsuk1025/jeju_ws/install/my_lane_msgs/share/my_lane_msgs/environment/path.dsv
[0.339s] -- Up-to-date: /home/wonsuk1025/jeju_ws/install/my_lane_msgs/share/my_lane_msgs/local_setup.bash
[0.339s] -- Up-to-date: /home/wonsuk1025/jeju_ws/install/my_lane_msgs/share/my_lane_msgs/local_setup.sh
[0.339s] -- Up-to-date: /home/wonsuk1025/jeju_ws/install/my_lane_msgs/share/my_lane_msgs/local_setup.zsh
[0.339s] -- Up-to-date: /home/wonsuk1025/jeju_ws/install/my_lane_msgs/share/my_lane_msgs/local_setup.dsv
[0.340s] -- Installing: /home/wonsuk1025/jeju_ws/install/my_lane_msgs/share/my_lane_msgs/package.dsv
[0.340s] -- Up-to-date: /home/wonsuk1025/jeju_ws/install/my_lane_msgs/share/ament_index/resource_index/packages/my_lane_msgs
[0.340s] -- Up-to-date: /home/wonsuk1025/jeju_ws/install/my_lane_msgs/share/my_lane_msgs/cmake/export_my_lane_msgs__rosidl_generator_cExport.cmake
[0.340s] -- Up-to-date: /home/wonsuk1025/jeju_ws/install/my_lane_msgs/share/my_lane_msgs/cmake/export_my_lane_msgs__rosidl_generator_cExport-noconfig.cmake
[0.341s] -- Up-to-date: /home/wonsuk1025/jeju_ws/install/my_lane_msgs/share/my_lane_msgs/cmake/export_my_lane_msgs__rosidl_typesupport_fastrtps_cExport.cmake
[0.341s] -- Up-to-date: /home/wonsuk1025/jeju_ws/install/my_lane_msgs/share/my_lane_msgs/cmake/export_my_lane_msgs__rosidl_typesupport_fastrtps_cExport-noconfig.cmake
[0.342s] -- Up-to-date: /home/wonsuk1025/jeju_ws/install/my_lane_msgs/share/my_lane_msgs/cmake/my_lane_msgs__rosidl_typesupport_introspection_cExport.cmake
[0.342s] -- Up-to-date: /home/wonsuk1025/jeju_ws/install/my_lane_msgs/share/my_lane_msgs/cmake/my_lane_msgs__rosidl_typesupport_introspection_cExport-noconfig.cmake
[0.342s] -- Up-to-date: /home/wonsuk1025/jeju_ws/install/my_lane_msgs/share/my_lane_msgs/cmake/my_lane_msgs__rosidl_typesupport_cExport.cmake
[0.342s] -- Up-to-date: /home/wonsuk1025/jeju_ws/install/my_lane_msgs/share/my_lane_msgs/cmake/my_lane_msgs__rosidl_typesupport_cExport-noconfig.cmake
[0.343s] -- Up-to-date: /home/wonsuk1025/jeju_ws/install/my_lane_msgs/share/my_lane_msgs/cmake/export_my_lane_msgs__rosidl_generator_cppExport.cmake
[0.343s] -- Up-to-date: /home/wonsuk1025/jeju_ws/install/my_lane_msgs/share/my_lane_msgs/cmake/export_my_lane_msgs__rosidl_typesupport_fastrtps_cppExport.cmake
[0.343s] -- Up-to-date: /home/wonsuk1025/jeju_ws/install/my_lane_msgs/share/my_lane_msgs/cmake/export_my_lane_msgs__rosidl_typesupport_fastrtps_cppExport-noconfig.cmake
[0.344s] -- Up-to-date: /home/wonsuk1025/jeju_ws/install/my_lane_msgs/share/my_lane_msgs/cmake/my_lane_msgs__rosidl_typesupport_introspection_cppExport.cmake
[0.344s] -- Up-to-date: /home/wonsuk1025/jeju_ws/install/my_lane_msgs/share/my_lane_msgs/cmake/my_lane_msgs__rosidl_typesupport_introspection_cppExport-noconfig.cmake
[0.344s] -- Up-to-date: /home/wonsuk1025/jeju_ws/install/my_lane_msgs/share/my_lane_msgs/cmake/my_lane_msgs__rosidl_typesupport_cppExport.cmake
[0.345s] -- Up-to-date: /home/wonsuk1025/jeju_ws/install/my_lane_msgs/share/my_lane_msgs/cmake/my_lane_msgs__rosidl_typesupport_cppExport-noconfig.cmake
[0.345s] -- Up-to-date: /home/wonsuk1025/jeju_ws/install/my_lane_msgs/share/my_lane_msgs/cmake/export_my_lane_msgs__rosidl_generator_pyExport.cmake
[0.345s] -- Up-to-date: /home/wonsuk1025/jeju_ws/install/my_lane_msgs/share/my_lane_msgs/cmake/export_my_lane_msgs__rosidl_generator_pyExport-noconfig.cmake
[0.345s] -- Up-to-date: /home/wonsuk1025/jeju_ws/install/my_lane_msgs/share/my_lane_msgs/cmake/rosidl_cmake-extras.cmake
[0.345s] -- Up-to-date: /home/wonsuk1025/jeju_ws/install/my_lane_msgs/share/my_lane_msgs/cmake/ament_cmake_export_include_directories-extras.cmake
[0.345s] -- Up-to-date: /home/wonsuk1025/jeju_ws/install/my_lane_msgs/share/my_lane_msgs/cmake/ament_cmake_export_libraries-extras.cmake
[0.345s] -- Up-to-date: /home/wonsuk1025/jeju_ws/install/my_lane_msgs/share/my_lane_msgs/cmake/ament_cmake_export_targets-extras.cmake
[0.345s] -- Up-to-date: /home/wonsuk1025/jeju_ws/install/my_lane_msgs/share/my_lane_msgs/cmake/rosidl_cmake_export_typesupport_targets-extras.cmake
[0.345s] -- Up-to-date: /home/wonsuk1025/jeju_ws/install/my_lane_msgs/share/my_lane_msgs/cmake/ament_cmake_export_dependencies-extras.cmake
[0.345s] -- Up-to-date: /home/wonsuk1025/jeju_ws/install/my_lane_msgs/share/my_lane_msgs/cmake/rosidl_cmake_export_typesupport_libraries-extras.cmake
[0.345s] -- Up-to-date: /home/wonsuk1025/jeju_ws/install/my_lane_msgs/share/my_lane_msgs/cmake/my_lane_msgsConfig.cmake
[0.345s] -- Up-to-date: /home/wonsuk1025/jeju_ws/install/my_lane_msgs/share/my_lane_msgs/cmake/my_lane_msgsConfig-version.cmake
[0.345s] -- Up-to-date: /home/wonsuk1025/jeju_ws/install/my_lane_msgs/share/my_lane_msgs/package.xml
[0.349s] Invoked command in '/home/wonsuk1025/jeju_ws/build/my_lane_msgs' returned '0': CMAKE_PREFIX_PATH=/opt/ros/humble /usr/bin/cmake --install /home/wonsuk1025/jeju_ws/build/my_lane_msgs
