[0.407s] Invoking command in '/home/wonsuk1025/jeju_ws/src/jeju': AMENT_PREFIX_PATH=/home/wonsuk1025/jeju_ws/install/my_lane_msgs:${AMENT_PREFIX_PATH} CMAKE_PREFIX_PATH=/home/wonsuk1025/jeju_ws/install/my_lane_msgs LD_LIBRARY_PATH=/home/wonsuk1025/jeju_ws/install/my_lane_msgs/lib:/opt/ros/humble/opt/rviz_ogre_vendor/lib:/opt/ros/humble/lib/x86_64-linux-gnu:/opt/ros/humble/lib:/usr/local/cuda-12.4/lib64 PYTHONPATH=/home/wonsuk1025/jeju_ws/build/jeju/prefix_override:/usr/lib/python3/dist-packages/colcon_core/task/python/colcon_distutils_commands:/home/wonsuk1025/jeju_ws/install/jeju/lib/python3.10/site-packages:/home/wonsuk1025/jeju_ws/install/my_lane_msgs/local/lib/python3.10/dist-packages:${PYTHONPATH} /usr/bin/python3 -W ignore:setup.py install is deprecated -W ignore:easy_install command is deprecated setup.py egg_info --egg-base ../../build/jeju build --build-base /home/wonsuk1025/jeju_ws/build/jeju/build install --record /home/wonsuk1025/jeju_ws/build/jeju/install.log --single-version-externally-managed install_data
[0.529s] running egg_info
[0.530s] writing ../../build/jeju/jeju.egg-info/PKG-INFO
[0.535s] writing dependency_links to ../../build/jeju/jeju.egg-info/dependency_links.txt
[0.536s] writing entry points to ../../build/jeju/jeju.egg-info/entry_points.txt
[0.536s] writing requirements to ../../build/jeju/jeju.egg-info/requires.txt
[0.536s] writing top-level names to ../../build/jeju/jeju.egg-info/top_level.txt
[0.540s] reading manifest file '../../build/jeju/jeju.egg-info/SOURCES.txt'
[0.540s] adding license file 'LICENSE'
[0.541s] writing manifest file '../../build/jeju/jeju.egg-info/SOURCES.txt'
[0.541s] running build
[0.541s] running build_py
[0.542s] running install
[0.542s] running install_lib
[0.544s] running install_data
[0.544s] running install_egg_info
[0.545s] removing '/home/wonsuk1025/jeju_ws/install/jeju/lib/python3.10/site-packages/jeju-0.0.1-py3.10.egg-info' (and everything under it)
[0.546s] Copying ../../build/jeju/jeju.egg-info to /home/wonsuk1025/jeju_ws/install/jeju/lib/python3.10/site-packages/jeju-0.0.1-py3.10.egg-info
[0.546s] running install_scripts
[0.562s] Installing control_node script to /home/wonsuk1025/jeju_ws/install/jeju/lib/jeju
[0.562s] Installing highcontrol_node script to /home/wonsuk1025/jeju_ws/install/jeju/lib/jeju
[0.562s] Installing lane_node script to /home/wonsuk1025/jeju_ws/install/jeju/lib/jeju
[0.562s] Installing path_node script to /home/wonsuk1025/jeju_ws/install/jeju/lib/jeju
[0.563s] writing list of installed files to '/home/wonsuk1025/jeju_ws/build/jeju/install.log'
[0.586s] Invoked command in '/home/wonsuk1025/jeju_ws/src/jeju' returned '0': AMENT_PREFIX_PATH=/home/wonsuk1025/jeju_ws/install/my_lane_msgs:${AMENT_PREFIX_PATH} CMAKE_PREFIX_PATH=/home/wonsuk1025/jeju_ws/install/my_lane_msgs LD_LIBRARY_PATH=/home/wonsuk1025/jeju_ws/install/my_lane_msgs/lib:/opt/ros/humble/opt/rviz_ogre_vendor/lib:/opt/ros/humble/lib/x86_64-linux-gnu:/opt/ros/humble/lib:/usr/local/cuda-12.4/lib64 PYTHONPATH=/home/wonsuk1025/jeju_ws/build/jeju/prefix_override:/usr/lib/python3/dist-packages/colcon_core/task/python/colcon_distutils_commands:/home/wonsuk1025/jeju_ws/install/jeju/lib/python3.10/site-packages:/home/wonsuk1025/jeju_ws/install/my_lane_msgs/local/lib/python3.10/dist-packages:${PYTHONPATH} /usr/bin/python3 -W ignore:setup.py install is deprecated -W ignore:easy_install command is deprecated setup.py egg_info --egg-base ../../build/jeju build --build-base /home/wonsuk1025/jeju_ws/build/jeju/build install --record /home/wonsuk1025/jeju_ws/build/jeju/install.log --single-version-externally-managed install_data
