[0.055s] DEBUG:colcon:Command line arguments: ['/usr/bin/colcon', 'build']
[0.055s] DEBUG:colcon:Parsed command line arguments: Namespace(log_base=None, log_level=None, verb_name='build', build_base='build', install_base='install', merge_install=False, symlink_install=False, test_result_base=None, continue_on_error=False, executor='parallel', parallel_workers=16, event_handlers=None, ignore_user_meta=False, metas=['./colcon.meta'], base_paths=['.'], packages_ignore=None, packages_ignore_regex=None, paths=None, packages_up_to=None, packages_up_to_regex=None, packages_above=None, packages_above_and_dependencies=None, packages_above_depth=None, packages_select_by_dep=None, packages_skip_by_dep=None, packages_skip_up_to=None, packages_select_build_failed=False, packages_skip_build_finished=False, packages_select_test_failures=False, packages_skip_test_passed=False, packages_select=None, packages_skip=None, packages_select_regex=None, packages_skip_regex=None, packages_start=None, packages_end=None, allow_overriding=[], cmake_args=None, cmake_target=None, cmake_target_skip_unavailable=False, cmake_clean_cache=False, cmake_clean_first=False, cmake_force_configure=False, ament_cmake_args=None, catkin_cmake_args=None, catkin_skip_building_tests=False, mixin_files=None, mixin=None, verb_parser=<colcon_mixin.mixin.mixin_argument.MixinArgumentDecorator object at 0x76bc6ab1d780>, verb_extension=<colcon_core.verb.build.BuildVerb object at 0x76bc6ac16680>, main=<bound method BuildVerb.main of <colcon_core.verb.build.BuildVerb object at 0x76bc6ac16680>>, mixin_verb=('build',))
[0.137s] Level 1:colcon.colcon_core.package_discovery:discover_packages(colcon_meta) check parameters
[0.137s] Level 1:colcon.colcon_core.package_discovery:discover_packages(recursive) check parameters
[0.137s] Level 1:colcon.colcon_core.package_discovery:discover_packages(ignore) check parameters
[0.137s] Level 1:colcon.colcon_core.package_discovery:discover_packages(path) check parameters
[0.137s] Level 1:colcon.colcon_core.package_discovery:discover_packages(colcon_meta) discover
[0.137s] Level 1:colcon.colcon_core.package_discovery:discover_packages(recursive) discover
[0.137s] INFO:colcon.colcon_core.package_discovery:Crawling recursively for packages in '/home/wonsuk1025/jeju_ws'
[0.137s] Level 1:colcon.colcon_core.package_identification:_identify(.) by extensions ['ignore', 'ignore_ament_install']
[0.137s] Level 1:colcon.colcon_core.package_identification:_identify(.) by extension 'ignore'
[0.137s] Level 1:colcon.colcon_core.package_identification:_identify(.) by extension 'ignore_ament_install'
[0.137s] Level 1:colcon.colcon_core.package_identification:_identify(.) by extensions ['colcon_pkg']
[0.137s] Level 1:colcon.colcon_core.package_identification:_identify(.) by extension 'colcon_pkg'
[0.137s] Level 1:colcon.colcon_core.package_identification:_identify(.) by extensions ['colcon_meta']
[0.137s] Level 1:colcon.colcon_core.package_identification:_identify(.) by extension 'colcon_meta'
[0.137s] Level 1:colcon.colcon_core.package_identification:_identify(.) by extensions ['ros']
[0.137s] Level 1:colcon.colcon_core.package_identification:_identify(.) by extension 'ros'
[0.143s] Level 1:colcon.colcon_core.package_identification:_identify(.) by extensions ['cmake', 'python']
[0.143s] Level 1:colcon.colcon_core.package_identification:_identify(.) by extension 'cmake'
[0.143s] Level 1:colcon.colcon_core.package_identification:_identify(.) by extension 'python'
[0.143s] Level 1:colcon.colcon_core.package_identification:_identify(.) by extensions ['python_setup_py']
[0.143s] Level 1:colcon.colcon_core.package_identification:_identify(.) by extension 'python_setup_py'
[0.144s] Level 1:colcon.colcon_core.package_identification:_identify(build) by extensions ['ignore', 'ignore_ament_install']
[0.144s] Level 1:colcon.colcon_core.package_identification:_identify(build) by extension 'ignore'
[0.144s] Level 1:colcon.colcon_core.package_identification:_identify(build) ignored
[0.144s] Level 1:colcon.colcon_core.package_identification:_identify(install) by extensions ['ignore', 'ignore_ament_install']
[0.144s] Level 1:colcon.colcon_core.package_identification:_identify(install) by extension 'ignore'
[0.144s] Level 1:colcon.colcon_core.package_identification:_identify(install) ignored
[0.144s] Level 1:colcon.colcon_core.package_identification:_identify(log) by extensions ['ignore', 'ignore_ament_install']
[0.144s] Level 1:colcon.colcon_core.package_identification:_identify(log) by extension 'ignore'
[0.144s] Level 1:colcon.colcon_core.package_identification:_identify(log) ignored
[0.144s] Level 1:colcon.colcon_core.package_identification:_identify(src) by extensions ['ignore', 'ignore_ament_install']
[0.144s] Level 1:colcon.colcon_core.package_identification:_identify(src) by extension 'ignore'
[0.144s] Level 1:colcon.colcon_core.package_identification:_identify(src) by extension 'ignore_ament_install'
[0.144s] Level 1:colcon.colcon_core.package_identification:_identify(src) by extensions ['colcon_pkg']
[0.144s] Level 1:colcon.colcon_core.package_identification:_identify(src) by extension 'colcon_pkg'
[0.144s] Level 1:colcon.colcon_core.package_identification:_identify(src) by extensions ['colcon_meta']
[0.144s] Level 1:colcon.colcon_core.package_identification:_identify(src) by extension 'colcon_meta'
[0.144s] Level 1:colcon.colcon_core.package_identification:_identify(src) by extensions ['ros']
[0.144s] Level 1:colcon.colcon_core.package_identification:_identify(src) by extension 'ros'
[0.144s] Level 1:colcon.colcon_core.package_identification:_identify(src) by extensions ['cmake', 'python']
[0.144s] Level 1:colcon.colcon_core.package_identification:_identify(src) by extension 'cmake'
[0.144s] Level 1:colcon.colcon_core.package_identification:_identify(src) by extension 'python'
[0.144s] Level 1:colcon.colcon_core.package_identification:_identify(src) by extensions ['python_setup_py']
[0.144s] Level 1:colcon.colcon_core.package_identification:_identify(src) by extension 'python_setup_py'
[0.144s] Level 1:colcon.colcon_core.package_identification:_identify(src/jeju) by extensions ['ignore', 'ignore_ament_install']
[0.144s] Level 1:colcon.colcon_core.package_identification:_identify(src/jeju) by extension 'ignore'
[0.144s] Level 1:colcon.colcon_core.package_identification:_identify(src/jeju) by extension 'ignore_ament_install'
[0.144s] Level 1:colcon.colcon_core.package_identification:_identify(src/jeju) by extensions ['colcon_pkg']
[0.144s] Level 1:colcon.colcon_core.package_identification:_identify(src/jeju) by extension 'colcon_pkg'
[0.144s] Level 1:colcon.colcon_core.package_identification:_identify(src/jeju) by extensions ['colcon_meta']
[0.144s] Level 1:colcon.colcon_core.package_identification:_identify(src/jeju) by extension 'colcon_meta'
[0.144s] Level 1:colcon.colcon_core.package_identification:_identify(src/jeju) by extensions ['ros']
[0.144s] Level 1:colcon.colcon_core.package_identification:_identify(src/jeju) by extension 'ros'
[0.146s] DEBUG:colcon.colcon_core.package_identification:Package 'src/jeju' with type 'ros.ament_python' and name 'jeju'
[0.146s] Level 1:colcon.colcon_core.package_identification:_identify(src/my_lane_msgs) by extensions ['ignore', 'ignore_ament_install']
[0.146s] Level 1:colcon.colcon_core.package_identification:_identify(src/my_lane_msgs) by extension 'ignore'
[0.146s] Level 1:colcon.colcon_core.package_identification:_identify(src/my_lane_msgs) by extension 'ignore_ament_install'
[0.146s] Level 1:colcon.colcon_core.package_identification:_identify(src/my_lane_msgs) by extensions ['colcon_pkg']
[0.146s] Level 1:colcon.colcon_core.package_identification:_identify(src/my_lane_msgs) by extension 'colcon_pkg'
[0.146s] Level 1:colcon.colcon_core.package_identification:_identify(src/my_lane_msgs) by extensions ['colcon_meta']
[0.146s] Level 1:colcon.colcon_core.package_identification:_identify(src/my_lane_msgs) by extension 'colcon_meta'
[0.146s] Level 1:colcon.colcon_core.package_identification:_identify(src/my_lane_msgs) by extensions ['ros']
[0.146s] Level 1:colcon.colcon_core.package_identification:_identify(src/my_lane_msgs) by extension 'ros'
[0.146s] DEBUG:colcon.colcon_core.package_identification:Package 'src/my_lane_msgs' with type 'ros.ament_cmake' and name 'my_lane_msgs'
[0.146s] Level 1:colcon.colcon_core.package_discovery:discover_packages(recursive) using defaults
[0.146s] Level 1:colcon.colcon_core.package_discovery:discover_packages(ignore) discover
[0.146s] Level 1:colcon.colcon_core.package_discovery:discover_packages(ignore) using defaults
[0.146s] Level 1:colcon.colcon_core.package_discovery:discover_packages(path) discover
[0.146s] Level 1:colcon.colcon_core.package_discovery:discover_packages(path) using defaults
[0.166s] Level 1:colcon.colcon_core.package_discovery:discover_packages(prefix_path) check parameters
[0.166s] Level 1:colcon.colcon_core.package_discovery:discover_packages(prefix_path) discover
[0.167s] DEBUG:colcon.colcon_installed_package_information.package_discovery:Found 271 installed packages in /opt/ros/humble
[0.168s] Level 1:colcon.colcon_core.package_discovery:discover_packages(prefix_path) using defaults
[0.187s] Level 5:colcon.colcon_core.verb:set package 'my_lane_msgs' build argument 'cmake_args' from command line to 'None'
[0.187s] Level 5:colcon.colcon_core.verb:set package 'my_lane_msgs' build argument 'cmake_target' from command line to 'None'
[0.187s] Level 5:colcon.colcon_core.verb:set package 'my_lane_msgs' build argument 'cmake_target_skip_unavailable' from command line to 'False'
[0.187s] Level 5:colcon.colcon_core.verb:set package 'my_lane_msgs' build argument 'cmake_clean_cache' from command line to 'False'
[0.187s] Level 5:colcon.colcon_core.verb:set package 'my_lane_msgs' build argument 'cmake_clean_first' from command line to 'False'
[0.187s] Level 5:colcon.colcon_core.verb:set package 'my_lane_msgs' build argument 'cmake_force_configure' from command line to 'False'
[0.187s] Level 5:colcon.colcon_core.verb:set package 'my_lane_msgs' build argument 'ament_cmake_args' from command line to 'None'
[0.187s] Level 5:colcon.colcon_core.verb:set package 'my_lane_msgs' build argument 'catkin_cmake_args' from command line to 'None'
[0.187s] Level 5:colcon.colcon_core.verb:set package 'my_lane_msgs' build argument 'catkin_skip_building_tests' from command line to 'False'
[0.187s] DEBUG:colcon.colcon_core.verb:Building package 'my_lane_msgs' with the following arguments: {'ament_cmake_args': None, 'build_base': '/home/wonsuk1025/jeju_ws/build/my_lane_msgs', 'catkin_cmake_args': None, 'catkin_skip_building_tests': False, 'cmake_args': None, 'cmake_clean_cache': False, 'cmake_clean_first': False, 'cmake_force_configure': False, 'cmake_target': None, 'cmake_target_skip_unavailable': False, 'install_base': '/home/wonsuk1025/jeju_ws/install/my_lane_msgs', 'merge_install': False, 'path': '/home/wonsuk1025/jeju_ws/src/my_lane_msgs', 'symlink_install': False, 'test_result_base': None}
[0.187s] Level 5:colcon.colcon_core.verb:set package 'jeju' build argument 'cmake_args' from command line to 'None'
[0.187s] Level 5:colcon.colcon_core.verb:set package 'jeju' build argument 'cmake_target' from command line to 'None'
[0.187s] Level 5:colcon.colcon_core.verb:set package 'jeju' build argument 'cmake_target_skip_unavailable' from command line to 'False'
[0.187s] Level 5:colcon.colcon_core.verb:set package 'jeju' build argument 'cmake_clean_cache' from command line to 'False'
[0.187s] Level 5:colcon.colcon_core.verb:set package 'jeju' build argument 'cmake_clean_first' from command line to 'False'
[0.187s] Level 5:colcon.colcon_core.verb:set package 'jeju' build argument 'cmake_force_configure' from command line to 'False'
[0.187s] Level 5:colcon.colcon_core.verb:set package 'jeju' build argument 'ament_cmake_args' from command line to 'None'
[0.187s] Level 5:colcon.colcon_core.verb:set package 'jeju' build argument 'catkin_cmake_args' from command line to 'None'
[0.187s] Level 5:colcon.colcon_core.verb:set package 'jeju' build argument 'catkin_skip_building_tests' from command line to 'False'
[0.187s] DEBUG:colcon.colcon_core.verb:Building package 'jeju' with the following arguments: {'ament_cmake_args': None, 'build_base': '/home/wonsuk1025/jeju_ws/build/jeju', 'catkin_cmake_args': None, 'catkin_skip_building_tests': False, 'cmake_args': None, 'cmake_clean_cache': False, 'cmake_clean_first': False, 'cmake_force_configure': False, 'cmake_target': None, 'cmake_target_skip_unavailable': False, 'install_base': '/home/wonsuk1025/jeju_ws/install/jeju', 'merge_install': False, 'path': '/home/wonsuk1025/jeju_ws/src/jeju', 'symlink_install': False, 'test_result_base': None}
[0.187s] INFO:colcon.colcon_core.executor:Executing jobs using 'parallel' executor
[0.188s] DEBUG:colcon.colcon_parallel_executor.executor.parallel:run_until_complete
[0.188s] INFO:colcon.colcon_ros.task.ament_cmake.build:Building ROS package in '/home/wonsuk1025/jeju_ws/src/my_lane_msgs' with build type 'ament_cmake'
[0.189s] INFO:colcon.colcon_cmake.task.cmake.build:Building CMake package in '/home/wonsuk1025/jeju_ws/src/my_lane_msgs'
[0.190s] INFO:colcon.colcon_core.plugin_system:Skipping extension 'colcon_core.shell.bat': Not used on non-Windows systems
[0.190s] INFO:colcon.colcon_core.shell:Skip shell extension 'powershell' for command environment: Not usable outside of PowerShell
[0.190s] DEBUG:colcon.colcon_core.shell:Skip shell extension 'dsv' for command environment
[0.197s] DEBUG:colcon.colcon_core.event_handler.log_command:Invoking command in '/home/wonsuk1025/jeju_ws/build/my_lane_msgs': CMAKE_PREFIX_PATH=/opt/ros/humble /usr/bin/cmake --build /home/wonsuk1025/jeju_ws/build/my_lane_msgs -- -j16 -l16
[0.414s] DEBUG:colcon.colcon_core.event_handler.log_command:Invoked command in '/home/wonsuk1025/jeju_ws/build/my_lane_msgs' returned '0': CMAKE_PREFIX_PATH=/opt/ros/humble /usr/bin/cmake --build /home/wonsuk1025/jeju_ws/build/my_lane_msgs -- -j16 -l16
[0.423s] DEBUG:colcon.colcon_core.event_handler.log_command:Invoking command in '/home/wonsuk1025/jeju_ws/build/my_lane_msgs': CMAKE_PREFIX_PATH=/opt/ros/humble /usr/bin/cmake --install /home/wonsuk1025/jeju_ws/build/my_lane_msgs
[0.454s] Level 1:colcon.colcon_core.environment:create_environment_scripts_only(my_lane_msgs)
[0.455s] DEBUG:colcon.colcon_core.event_handler.log_command:Invoked command in '/home/wonsuk1025/jeju_ws/build/my_lane_msgs' returned '0': CMAKE_PREFIX_PATH=/opt/ros/humble /usr/bin/cmake --install /home/wonsuk1025/jeju_ws/build/my_lane_msgs
[0.456s] Level 1:colcon.colcon_core.environment:checking '/home/wonsuk1025/jeju_ws/install/my_lane_msgs' for CMake module files
[0.457s] Level 1:colcon.colcon_core.environment:checking '/home/wonsuk1025/jeju_ws/install/my_lane_msgs' for CMake config files
[0.457s] Level 1:colcon.colcon_core.shell:create_environment_hook('my_lane_msgs', 'cmake_prefix_path')
[0.457s] INFO:colcon.colcon_core.shell:Creating environment hook '/home/wonsuk1025/jeju_ws/install/my_lane_msgs/share/my_lane_msgs/hook/cmake_prefix_path.ps1'
[0.457s] INFO:colcon.colcon_core.shell:Creating environment descriptor '/home/wonsuk1025/jeju_ws/install/my_lane_msgs/share/my_lane_msgs/hook/cmake_prefix_path.dsv'
[0.458s] INFO:colcon.colcon_core.shell:Creating environment hook '/home/wonsuk1025/jeju_ws/install/my_lane_msgs/share/my_lane_msgs/hook/cmake_prefix_path.sh'
[0.460s] Level 1:colcon.colcon_core.environment:checking '/home/wonsuk1025/jeju_ws/install/my_lane_msgs/lib'
[0.460s] Level 1:colcon.colcon_core.shell:create_environment_hook('my_lane_msgs', 'ld_library_path_lib')
[0.460s] INFO:colcon.colcon_core.shell:Creating environment hook '/home/wonsuk1025/jeju_ws/install/my_lane_msgs/share/my_lane_msgs/hook/ld_library_path_lib.ps1'
[0.461s] INFO:colcon.colcon_core.shell:Creating environment descriptor '/home/wonsuk1025/jeju_ws/install/my_lane_msgs/share/my_lane_msgs/hook/ld_library_path_lib.dsv'
[0.461s] INFO:colcon.colcon_core.shell:Creating environment hook '/home/wonsuk1025/jeju_ws/install/my_lane_msgs/share/my_lane_msgs/hook/ld_library_path_lib.sh'
[0.462s] Level 1:colcon.colcon_core.environment:checking '/home/wonsuk1025/jeju_ws/install/my_lane_msgs/bin'
[0.462s] Level 1:colcon.colcon_core.environment:checking '/home/wonsuk1025/jeju_ws/install/my_lane_msgs/lib/pkgconfig/my_lane_msgs.pc'
[0.462s] Level 1:colcon.colcon_core.environment:checking '/home/wonsuk1025/jeju_ws/install/my_lane_msgs/lib/python3.10/site-packages'
[0.462s] Level 1:colcon.colcon_core.environment:checking '/home/wonsuk1025/jeju_ws/install/my_lane_msgs/bin'
[0.463s] INFO:colcon.colcon_core.shell:Creating package script '/home/wonsuk1025/jeju_ws/install/my_lane_msgs/share/my_lane_msgs/package.ps1'
[0.464s] INFO:colcon.colcon_core.shell:Creating package descriptor '/home/wonsuk1025/jeju_ws/install/my_lane_msgs/share/my_lane_msgs/package.dsv'
[0.465s] INFO:colcon.colcon_core.shell:Creating package script '/home/wonsuk1025/jeju_ws/install/my_lane_msgs/share/my_lane_msgs/package.sh'
[0.465s] INFO:colcon.colcon_core.shell:Creating package script '/home/wonsuk1025/jeju_ws/install/my_lane_msgs/share/my_lane_msgs/package.bash'
[0.466s] INFO:colcon.colcon_core.shell:Creating package script '/home/wonsuk1025/jeju_ws/install/my_lane_msgs/share/my_lane_msgs/package.zsh'
[0.467s] Level 1:colcon.colcon_core.environment:create_file_with_runtime_dependencies(/home/wonsuk1025/jeju_ws/install/my_lane_msgs/share/colcon-core/packages/my_lane_msgs)
[0.468s] Level 1:colcon.colcon_core.environment:create_environment_scripts_only(my_lane_msgs)
[0.468s] Level 1:colcon.colcon_core.environment:checking '/home/wonsuk1025/jeju_ws/install/my_lane_msgs' for CMake module files
[0.469s] Level 1:colcon.colcon_core.environment:checking '/home/wonsuk1025/jeju_ws/install/my_lane_msgs' for CMake config files
[0.469s] Level 1:colcon.colcon_core.shell:create_environment_hook('my_lane_msgs', 'cmake_prefix_path')
[0.469s] INFO:colcon.colcon_core.shell:Creating environment hook '/home/wonsuk1025/jeju_ws/install/my_lane_msgs/share/my_lane_msgs/hook/cmake_prefix_path.ps1'
[0.470s] INFO:colcon.colcon_core.shell:Creating environment descriptor '/home/wonsuk1025/jeju_ws/install/my_lane_msgs/share/my_lane_msgs/hook/cmake_prefix_path.dsv'
[0.470s] INFO:colcon.colcon_core.shell:Creating environment hook '/home/wonsuk1025/jeju_ws/install/my_lane_msgs/share/my_lane_msgs/hook/cmake_prefix_path.sh'
[0.471s] Level 1:colcon.colcon_core.environment:checking '/home/wonsuk1025/jeju_ws/install/my_lane_msgs/lib'
[0.471s] Level 1:colcon.colcon_core.shell:create_environment_hook('my_lane_msgs', 'ld_library_path_lib')
[0.471s] INFO:colcon.colcon_core.shell:Creating environment hook '/home/wonsuk1025/jeju_ws/install/my_lane_msgs/share/my_lane_msgs/hook/ld_library_path_lib.ps1'
[0.472s] INFO:colcon.colcon_core.shell:Creating environment descriptor '/home/wonsuk1025/jeju_ws/install/my_lane_msgs/share/my_lane_msgs/hook/ld_library_path_lib.dsv'
[0.472s] INFO:colcon.colcon_core.shell:Creating environment hook '/home/wonsuk1025/jeju_ws/install/my_lane_msgs/share/my_lane_msgs/hook/ld_library_path_lib.sh'
[0.473s] Level 1:colcon.colcon_core.environment:checking '/home/wonsuk1025/jeju_ws/install/my_lane_msgs/bin'
[0.473s] Level 1:colcon.colcon_core.environment:checking '/home/wonsuk1025/jeju_ws/install/my_lane_msgs/lib/pkgconfig/my_lane_msgs.pc'
[0.473s] Level 1:colcon.colcon_core.environment:checking '/home/wonsuk1025/jeju_ws/install/my_lane_msgs/lib/python3.10/site-packages'
[0.473s] Level 1:colcon.colcon_core.environment:checking '/home/wonsuk1025/jeju_ws/install/my_lane_msgs/bin'
[0.474s] INFO:colcon.colcon_core.shell:Creating package script '/home/wonsuk1025/jeju_ws/install/my_lane_msgs/share/my_lane_msgs/package.ps1'
[0.474s] INFO:colcon.colcon_core.shell:Creating package descriptor '/home/wonsuk1025/jeju_ws/install/my_lane_msgs/share/my_lane_msgs/package.dsv'
[0.475s] INFO:colcon.colcon_core.shell:Creating package script '/home/wonsuk1025/jeju_ws/install/my_lane_msgs/share/my_lane_msgs/package.sh'
[0.475s] INFO:colcon.colcon_core.shell:Creating package script '/home/wonsuk1025/jeju_ws/install/my_lane_msgs/share/my_lane_msgs/package.bash'
[0.476s] INFO:colcon.colcon_core.shell:Creating package script '/home/wonsuk1025/jeju_ws/install/my_lane_msgs/share/my_lane_msgs/package.zsh'
[0.476s] Level 1:colcon.colcon_core.environment:create_file_with_runtime_dependencies(/home/wonsuk1025/jeju_ws/install/my_lane_msgs/share/colcon-core/packages/my_lane_msgs)
[0.477s] INFO:colcon.colcon_ros.task.ament_python.build:Building ROS package in '/home/wonsuk1025/jeju_ws/src/jeju' with build type 'ament_python'
[0.477s] Level 1:colcon.colcon_core.shell:create_environment_hook('jeju', 'ament_prefix_path')
[0.478s] INFO:colcon.colcon_core.shell:Creating environment hook '/home/wonsuk1025/jeju_ws/install/jeju/share/jeju/hook/ament_prefix_path.ps1'
[0.478s] INFO:colcon.colcon_core.shell:Creating environment descriptor '/home/wonsuk1025/jeju_ws/install/jeju/share/jeju/hook/ament_prefix_path.dsv'
[0.479s] INFO:colcon.colcon_core.shell:Creating environment hook '/home/wonsuk1025/jeju_ws/install/jeju/share/jeju/hook/ament_prefix_path.sh'
[0.479s] INFO:colcon.colcon_core.shell:Skip shell extension 'powershell' for command environment: Not usable outside of PowerShell
[0.480s] DEBUG:colcon.colcon_core.shell:Skip shell extension 'dsv' for command environment
[0.621s] INFO:colcon.colcon_core.task.python.build:Building Python package in '/home/wonsuk1025/jeju_ws/src/jeju'
[0.621s] INFO:colcon.colcon_core.shell:Skip shell extension 'powershell' for command environment: Not usable outside of PowerShell
[0.621s] DEBUG:colcon.colcon_core.shell:Skip shell extension 'dsv' for command environment
[0.808s] DEBUG:colcon.colcon_core.event_handler.log_command:Invoking command in '/home/wonsuk1025/jeju_ws/src/jeju': AMENT_PREFIX_PATH=/home/wonsuk1025/jeju_ws/install/my_lane_msgs:${AMENT_PREFIX_PATH} CMAKE_PREFIX_PATH=/home/wonsuk1025/jeju_ws/install/my_lane_msgs LD_LIBRARY_PATH=/home/wonsuk1025/jeju_ws/install/my_lane_msgs/lib:/opt/ros/humble/opt/rviz_ogre_vendor/lib:/opt/ros/humble/lib/x86_64-linux-gnu:/opt/ros/humble/lib:/usr/local/cuda-12.4/lib64 PYTHONPATH=/home/wonsuk1025/jeju_ws/build/jeju/prefix_override:/usr/lib/python3/dist-packages/colcon_core/task/python/colcon_distutils_commands:/home/wonsuk1025/jeju_ws/install/jeju/lib/python3.10/site-packages:/home/wonsuk1025/jeju_ws/install/my_lane_msgs/local/lib/python3.10/dist-packages:${PYTHONPATH} /usr/bin/python3 -W ignore:setup.py install is deprecated -W ignore:easy_install command is deprecated setup.py egg_info --egg-base ../../build/jeju build --build-base /home/wonsuk1025/jeju_ws/build/jeju/build install --record /home/wonsuk1025/jeju_ws/build/jeju/install.log --single-version-externally-managed install_data
[0.990s] Level 1:colcon.colcon_core.environment:checking '/home/wonsuk1025/jeju_ws/install/jeju' for CMake module files
[0.991s] DEBUG:colcon.colcon_core.event_handler.log_command:Invoked command in '/home/wonsuk1025/jeju_ws/src/jeju' returned '0': AMENT_PREFIX_PATH=/home/wonsuk1025/jeju_ws/install/my_lane_msgs:${AMENT_PREFIX_PATH} CMAKE_PREFIX_PATH=/home/wonsuk1025/jeju_ws/install/my_lane_msgs LD_LIBRARY_PATH=/home/wonsuk1025/jeju_ws/install/my_lane_msgs/lib:/opt/ros/humble/opt/rviz_ogre_vendor/lib:/opt/ros/humble/lib/x86_64-linux-gnu:/opt/ros/humble/lib:/usr/local/cuda-12.4/lib64 PYTHONPATH=/home/wonsuk1025/jeju_ws/build/jeju/prefix_override:/usr/lib/python3/dist-packages/colcon_core/task/python/colcon_distutils_commands:/home/wonsuk1025/jeju_ws/install/jeju/lib/python3.10/site-packages:/home/wonsuk1025/jeju_ws/install/my_lane_msgs/local/lib/python3.10/dist-packages:${PYTHONPATH} /usr/bin/python3 -W ignore:setup.py install is deprecated -W ignore:easy_install command is deprecated setup.py egg_info --egg-base ../../build/jeju build --build-base /home/wonsuk1025/jeju_ws/build/jeju/build install --record /home/wonsuk1025/jeju_ws/build/jeju/install.log --single-version-externally-managed install_data
[0.991s] Level 1:colcon.colcon_core.environment:checking '/home/wonsuk1025/jeju_ws/install/jeju' for CMake config files
[0.992s] Level 1:colcon.colcon_core.environment:checking '/home/wonsuk1025/jeju_ws/install/jeju/lib'
[0.992s] Level 1:colcon.colcon_core.environment:checking '/home/wonsuk1025/jeju_ws/install/jeju/bin'
[0.992s] Level 1:colcon.colcon_core.environment:checking '/home/wonsuk1025/jeju_ws/install/jeju/lib/pkgconfig/jeju.pc'
[0.992s] Level 1:colcon.colcon_core.environment:checking '/home/wonsuk1025/jeju_ws/install/jeju/lib/python3.10/site-packages'
[0.993s] Level 1:colcon.colcon_core.shell:create_environment_hook('jeju', 'pythonpath')
[0.993s] INFO:colcon.colcon_core.shell:Creating environment hook '/home/wonsuk1025/jeju_ws/install/jeju/share/jeju/hook/pythonpath.ps1'
[0.993s] INFO:colcon.colcon_core.shell:Creating environment descriptor '/home/wonsuk1025/jeju_ws/install/jeju/share/jeju/hook/pythonpath.dsv'
[0.994s] INFO:colcon.colcon_core.shell:Creating environment hook '/home/wonsuk1025/jeju_ws/install/jeju/share/jeju/hook/pythonpath.sh'
[0.994s] Level 1:colcon.colcon_core.environment:checking '/home/wonsuk1025/jeju_ws/install/jeju/bin'
[0.994s] Level 1:colcon.colcon_core.environment:create_environment_scripts_only(jeju)
[0.995s] INFO:colcon.colcon_core.shell:Creating package script '/home/wonsuk1025/jeju_ws/install/jeju/share/jeju/package.ps1'
[0.995s] INFO:colcon.colcon_core.shell:Creating package descriptor '/home/wonsuk1025/jeju_ws/install/jeju/share/jeju/package.dsv'
[0.996s] INFO:colcon.colcon_core.shell:Creating package script '/home/wonsuk1025/jeju_ws/install/jeju/share/jeju/package.sh'
[0.996s] INFO:colcon.colcon_core.shell:Creating package script '/home/wonsuk1025/jeju_ws/install/jeju/share/jeju/package.bash'
[0.997s] INFO:colcon.colcon_core.shell:Creating package script '/home/wonsuk1025/jeju_ws/install/jeju/share/jeju/package.zsh'
[0.997s] Level 1:colcon.colcon_core.environment:create_file_with_runtime_dependencies(/home/wonsuk1025/jeju_ws/install/jeju/share/colcon-core/packages/jeju)
[0.997s] DEBUG:colcon.colcon_parallel_executor.executor.parallel:closing loop
[0.997s] DEBUG:colcon.colcon_parallel_executor.executor.parallel:loop closed
[0.997s] DEBUG:colcon.colcon_parallel_executor.executor.parallel:run_until_complete finished with '0'
[0.997s] DEBUG:colcon.colcon_core.event_reactor:joining thread
[1.001s] INFO:colcon.colcon_core.plugin_system:Skipping extension 'colcon_notification.desktop_notification.terminal_notifier': Not used on non-Darwin systems
[1.001s] INFO:colcon.colcon_core.plugin_system:Skipping extension 'colcon_notification.desktop_notification.win32': Not used on non-Windows systems
[1.001s] INFO:colcon.colcon_notification.desktop_notification:Sending desktop notification using 'notify2'
[1.008s] DEBUG:colcon.colcon_core.event_reactor:joined thread
[1.008s] INFO:colcon.colcon_core.shell:Creating prefix script '/home/wonsuk1025/jeju_ws/install/local_setup.ps1'
[1.009s] INFO:colcon.colcon_core.shell:Creating prefix util module '/home/wonsuk1025/jeju_ws/install/_local_setup_util_ps1.py'
[1.010s] INFO:colcon.colcon_core.shell:Creating prefix chain script '/home/wonsuk1025/jeju_ws/install/setup.ps1'
[1.010s] INFO:colcon.colcon_core.shell:Creating prefix script '/home/wonsuk1025/jeju_ws/install/local_setup.sh'
[1.011s] INFO:colcon.colcon_core.shell:Creating prefix util module '/home/wonsuk1025/jeju_ws/install/_local_setup_util_sh.py'
[1.011s] INFO:colcon.colcon_core.shell:Creating prefix chain script '/home/wonsuk1025/jeju_ws/install/setup.sh'
[1.012s] INFO:colcon.colcon_core.shell:Creating prefix script '/home/wonsuk1025/jeju_ws/install/local_setup.bash'
[1.012s] INFO:colcon.colcon_core.shell:Creating prefix chain script '/home/wonsuk1025/jeju_ws/install/setup.bash'
[1.012s] INFO:colcon.colcon_core.shell:Creating prefix script '/home/wonsuk1025/jeju_ws/install/local_setup.zsh'
[1.013s] INFO:colcon.colcon_core.shell:Creating prefix chain script '/home/wonsuk1025/jeju_ws/install/setup.zsh'
