running egg_info
writing ../../build/jeju/jeju.egg-info/PKG-INFO
writing dependency_links to ../../build/jeju/jeju.egg-info/dependency_links.txt
writing entry points to ../../build/jeju/jeju.egg-info/entry_points.txt
writing requirements to ../../build/jeju/jeju.egg-info/requires.txt
writing top-level names to ../../build/jeju/jeju.egg-info/top_level.txt
reading manifest file '../../build/jeju/jeju.egg-info/SOURCES.txt'
adding license file 'LICENSE'
writing manifest file '../../build/jeju/jeju.egg-info/SOURCES.txt'
running build
running build_py
copying jeju/lane.py -> /home/wonsuk1025/jeju_ws/build/jeju/build/lib/jeju
running install
running install_lib
copying /home/wonsuk1025/jeju_ws/build/jeju/build/lib/jeju/lane.py -> /home/wonsuk1025/jeju_ws/install/jeju/lib/python3.10/site-packages/jeju
byte-compiling /home/wonsuk1025/jeju_ws/install/jeju/lib/python3.10/site-packages/jeju/lane.py to lane.cpython-310.pyc
running install_data
running install_egg_info
removing '/home/wonsuk1025/jeju_ws/install/jeju/lib/python3.10/site-packages/jeju-0.0.1-py3.10.egg-info' (and everything under it)
Copying ../../build/jeju/jeju.egg-info to /home/wonsuk1025/jeju_ws/install/jeju/lib/python3.10/site-packages/jeju-0.0.1-py3.10.egg-info
running install_scripts
Installing control_node script to /home/wonsuk1025/jeju_ws/install/jeju/lib/jeju
Installing highcontrol_node script to /home/wonsuk1025/jeju_ws/install/jeju/lib/jeju
Installing lane_node script to /home/wonsuk1025/jeju_ws/install/jeju/lib/jeju
Installing path_node script to /home/wonsuk1025/jeju_ws/install/jeju/lib/jeju
writing list of installed files to '/home/wonsuk1025/jeju_ws/build/jeju/install.log'
