[0.389s] Invoking command in '/home/wonsuk1025/jeju_ws/src/jeju': LD_LIBRARY_PATH=/home/wonsuk1025/jeju_ws/install/my_lane_msgs/lib:/opt/ros/humble/opt/rviz_ogre_vendor/lib:/opt/ros/humble/lib/x86_64-linux-gnu:/opt/ros/humble/lib:/usr/local/cuda-12.4/lib64 PYTHONPATH=/home/wonsuk1025/jeju_ws/build/jeju/prefix_override:/usr/lib/python3/dist-packages/colcon_core/task/python/colcon_distutils_commands:/home/wonsuk1025/jeju_ws/install/jeju/lib/python3.10/site-packages:${PYTHONPATH} /usr/bin/python3 -W ignore:setup.py install is deprecated -W ignore:easy_install command is deprecated setup.py egg_info --egg-base ../../build/jeju build --build-base /home/wonsuk1025/jeju_ws/build/jeju/build install --record /home/wonsuk1025/jeju_ws/build/jeju/install.log --single-version-externally-managed install_data
[0.520s] running egg_info
[0.520s] writing ../../build/jeju/jeju.egg-info/PKG-INFO
[0.521s] writing dependency_links to ../../build/jeju/jeju.egg-info/dependency_links.txt
[0.521s] writing entry points to ../../build/jeju/jeju.egg-info/entry_points.txt
[0.521s] writing requirements to ../../build/jeju/jeju.egg-info/requires.txt
[0.521s] writing top-level names to ../../build/jeju/jeju.egg-info/top_level.txt
[0.522s] reading manifest file '../../build/jeju/jeju.egg-info/SOURCES.txt'
[0.522s] adding license file 'LICENSE'
[0.522s] writing manifest file '../../build/jeju/jeju.egg-info/SOURCES.txt'
[0.523s] running build
[0.523s] running build_py
[0.523s] copying jeju/lane.py -> /home/wonsuk1025/jeju_ws/build/jeju/build/lib/jeju
[0.523s] running install
[0.523s] running install_lib
[0.524s] copying /home/wonsuk1025/jeju_ws/build/jeju/build/lib/jeju/lane.py -> /home/wonsuk1025/jeju_ws/install/jeju/lib/python3.10/site-packages/jeju
[0.524s] byte-compiling /home/wonsuk1025/jeju_ws/install/jeju/lib/python3.10/site-packages/jeju/lane.py to lane.cpython-310.pyc
[0.526s] running install_data
[0.526s] running install_egg_info
[0.528s] removing '/home/wonsuk1025/jeju_ws/install/jeju/lib/python3.10/site-packages/jeju-0.0.1-py3.10.egg-info' (and everything under it)
[0.528s] Copying ../../build/jeju/jeju.egg-info to /home/wonsuk1025/jeju_ws/install/jeju/lib/python3.10/site-packages/jeju-0.0.1-py3.10.egg-info
[0.529s] running install_scripts
[0.543s] Installing control_node script to /home/wonsuk1025/jeju_ws/install/jeju/lib/jeju
[0.543s] Installing highcontrol_node script to /home/wonsuk1025/jeju_ws/install/jeju/lib/jeju
[0.543s] Installing lane_node script to /home/wonsuk1025/jeju_ws/install/jeju/lib/jeju
[0.543s] Installing path_node script to /home/wonsuk1025/jeju_ws/install/jeju/lib/jeju
[0.543s] writing list of installed files to '/home/wonsuk1025/jeju_ws/build/jeju/install.log'
[0.568s] Invoked command in '/home/wonsuk1025/jeju_ws/src/jeju' returned '0': LD_LIBRARY_PATH=/home/wonsuk1025/jeju_ws/install/my_lane_msgs/lib:/opt/ros/humble/opt/rviz_ogre_vendor/lib:/opt/ros/humble/lib/x86_64-linux-gnu:/opt/ros/humble/lib:/usr/local/cuda-12.4/lib64 PYTHONPATH=/home/wonsuk1025/jeju_ws/build/jeju/prefix_override:/usr/lib/python3/dist-packages/colcon_core/task/python/colcon_distutils_commands:/home/wonsuk1025/jeju_ws/install/jeju/lib/python3.10/site-packages:${PYTHONPATH} /usr/bin/python3 -W ignore:setup.py install is deprecated -W ignore:easy_install command is deprecated setup.py egg_info --egg-base ../../build/jeju build --build-base /home/wonsuk1025/jeju_ws/build/jeju/build install --record /home/wonsuk1025/jeju_ws/build/jeju/install.log --single-version-externally-managed install_data
