/home/wonsuk1025/jeju_ws/install/jeju/lib/python3.10/site-packages/jeju/lane_node.py
/home/wonsuk1025/jeju_ws/install/jeju/lib/python3.10/site-packages/jeju/lane.py
/home/wonsuk1025/jeju_ws/install/jeju/lib/python3.10/site-packages/jeju/highcontrol.py
/home/wonsuk1025/jeju_ws/install/jeju/lib/python3.10/site-packages/jeju/path.py
/home/wonsuk1025/jeju_ws/install/jeju/lib/python3.10/site-packages/jeju/record.py
/home/wonsuk1025/jeju_ws/install/jeju/lib/python3.10/site-packages/jeju/control.py
/home/wonsuk1025/jeju_ws/install/jeju/lib/python3.10/site-packages/jeju/__init__.py
/home/wonsuk1025/jeju_ws/install/jeju/lib/python3.10/site-packages/jeju/__pycache__/lane_node.cpython-310.pyc
/home/wonsuk1025/jeju_ws/install/jeju/lib/python3.10/site-packages/jeju/__pycache__/lane.cpython-310.pyc
/home/wonsuk1025/jeju_ws/install/jeju/lib/python3.10/site-packages/jeju/__pycache__/highcontrol.cpython-310.pyc
/home/wonsuk1025/jeju_ws/install/jeju/lib/python3.10/site-packages/jeju/__pycache__/path.cpython-310.pyc
/home/wonsuk1025/jeju_ws/install/jeju/lib/python3.10/site-packages/jeju/__pycache__/record.cpython-310.pyc
/home/wonsuk1025/jeju_ws/install/jeju/lib/python3.10/site-packages/jeju/__pycache__/control.cpython-310.pyc
/home/wonsuk1025/jeju_ws/install/jeju/lib/python3.10/site-packages/jeju/__pycache__/__init__.cpython-310.pyc
/home/wonsuk1025/jeju_ws/install/jeju/share/jeju/package.xml
/home/wonsuk1025/jeju_ws/install/jeju/share/ament_index/resource_index/packages/jeju
/home/wonsuk1025/jeju_ws/install/jeju/lib/python3.10/site-packages/jeju-0.0.1-py3.10.egg-info/SOURCES.txt
/home/wonsuk1025/jeju_ws/install/jeju/lib/python3.10/site-packages/jeju-0.0.1-py3.10.egg-info/zip-safe
/home/wonsuk1025/jeju_ws/install/jeju/lib/python3.10/site-packages/jeju-0.0.1-py3.10.egg-info/top_level.txt
/home/wonsuk1025/jeju_ws/install/jeju/lib/python3.10/site-packages/jeju-0.0.1-py3.10.egg-info/entry_points.txt
/home/wonsuk1025/jeju_ws/install/jeju/lib/python3.10/site-packages/jeju-0.0.1-py3.10.egg-info/requires.txt
/home/wonsuk1025/jeju_ws/install/jeju/lib/python3.10/site-packages/jeju-0.0.1-py3.10.egg-info/dependency_links.txt
/home/wonsuk1025/jeju_ws/install/jeju/lib/python3.10/site-packages/jeju-0.0.1-py3.10.egg-info/PKG-INFO
/home/wonsuk1025/jeju_ws/install/jeju/lib/jeju/control_node
/home/wonsuk1025/jeju_ws/install/jeju/lib/jeju/highcontrol_node
/home/wonsuk1025/jeju_ws/install/jeju/lib/jeju/lane_node
/home/wonsuk1025/jeju_ws/install/jeju/lib/jeju/path_node
