[0.008s] Invoking command in '/home/wonsuk1025/jeju_ws/build/my_lane_msgs': CMAKE_PREFIX_PATH=${CMAKE_PREFIX_PATH}:/home/wonsuk1025/jeju_ws/install/jeju:/opt/ros/humble /usr/bin/cmake --build /home/wonsuk1025/jeju_ws/build/my_lane_msgs -- -j16 -l16
[0.049s] [  9%] Built target my_lane_msgs__rosidl_generator_c
[0.050s] [ 12%] Built target my_lane_msgs__cpp
[0.058s] [ 12%] Built target ament_cmake_python_copy_my_lane_msgs
[0.067s] [ 41%] Built target my_lane_msgs__rosidl_typesupport_introspection_c
[0.067s] [ 41%] Built target my_lane_msgs__rosidl_typesupport_c
[0.067s] [ 41%] Built target my_lane_msgs__rosidl_typesupport_fastrtps_c
[0.068s] [ 51%] Built target my_lane_msgs__rosidl_typesupport_cpp
[0.068s] [ 61%] Built target my_lane_msgs__rosidl_typesupport_introspection_cpp
[0.069s] [ 70%] Built target my_lane_msgs__rosidl_typesupport_fastrtps_cpp
[0.087s] [ 70%] Built target my_lane_msgs
[0.104s] [ 74%] Built target my_lane_msgs__py
[0.125s] [ 80%] Built target my_lane_msgs__rosidl_generator_py
[0.144s] [100%] Built target my_lane_msgs__rosidl_typesupport_introspection_c__pyext
[0.144s] [100%] Built target my_lane_msgs__rosidl_typesupport_fastrtps_c__pyext
[0.144s] [100%] Built target my_lane_msgs__rosidl_typesupport_c__pyext
[0.190s] running egg_info
[0.190s] writing my_lane_msgs.egg-info/PKG-INFO
[0.190s] writing dependency_links to my_lane_msgs.egg-info/dependency_links.txt
[0.190s] writing top-level names to my_lane_msgs.egg-info/top_level.txt
[0.191s] reading manifest file 'my_lane_msgs.egg-info/SOURCES.txt'
[0.192s] writing manifest file 'my_lane_msgs.egg-info/SOURCES.txt'
[0.212s] [100%] Built target ament_cmake_python_build_my_lane_msgs_egg
[0.222s] Invoked command in '/home/wonsuk1025/jeju_ws/build/my_lane_msgs' returned '0': CMAKE_PREFIX_PATH=${CMAKE_PREFIX_PATH}:/home/wonsuk1025/jeju_ws/install/jeju:/opt/ros/humble /usr/bin/cmake --build /home/wonsuk1025/jeju_ws/build/my_lane_msgs -- -j16 -l16
[0.230s] Invoking command in '/home/wonsuk1025/jeju_ws/build/my_lane_msgs': CMAKE_PREFIX_PATH=${CMAKE_PREFIX_PATH}:/home/wonsuk1025/jeju_ws/install/jeju:/opt/ros/humble /usr/bin/cmake --install /home/wonsuk1025/jeju_ws/build/my_lane_msgs
[0.236s] -- Install configuration: ""
[0.236s] -- Up-to-date: /home/wonsuk1025/jeju_ws/install/my_lane_msgs/share/ament_index/resource_index/rosidl_interfaces/my_lane_msgs
[0.236s] -- Up-to-date: /home/wonsuk1025/jeju_ws/install/my_lane_msgs/include/my_lane_msgs/my_lane_msgs
[0.236s] -- Up-to-date: /home/wonsuk1025/jeju_ws/install/my_lane_msgs/include/my_lane_msgs/my_lane_msgs/msg
[0.236s] -- Up-to-date: /home/wonsuk1025/jeju_ws/install/my_lane_msgs/include/my_lane_msgs/my_lane_msgs/msg/lane_points.h
[0.237s] -- Up-to-date: /home/wonsuk1025/jeju_ws/install/my_lane_msgs/include/my_lane_msgs/my_lane_msgs/msg/detail
[0.237s] -- Up-to-date: /home/wonsuk1025/jeju_ws/install/my_lane_msgs/include/my_lane_msgs/my_lane_msgs/msg/detail/lane_points__type_support.h
[0.237s] -- Up-to-date: /home/wonsuk1025/jeju_ws/install/my_lane_msgs/include/my_lane_msgs/my_lane_msgs/msg/detail/lane_points__functions.h
[0.237s] -- Up-to-date: /home/wonsuk1025/jeju_ws/install/my_lane_msgs/include/my_lane_msgs/my_lane_msgs/msg/detail/lane_points__struct.h
[0.237s] -- Up-to-date: /home/wonsuk1025/jeju_ws/install/my_lane_msgs/include/my_lane_msgs/my_lane_msgs/msg/detail/lane_points__functions.c
[0.237s] -- Up-to-date: /home/wonsuk1025/jeju_ws/install/my_lane_msgs/include/my_lane_msgs/my_lane_msgs/msg/rosidl_generator_c__visibility_control.h
[0.237s] -- Up-to-date: /home/wonsuk1025/jeju_ws/install/my_lane_msgs/share/my_lane_msgs/environment/library_path.sh
[0.237s] -- Up-to-date: /home/wonsuk1025/jeju_ws/install/my_lane_msgs/share/my_lane_msgs/environment/library_path.dsv
[0.237s] -- Up-to-date: /home/wonsuk1025/jeju_ws/install/my_lane_msgs/lib/libmy_lane_msgs__rosidl_generator_c.so
[0.237s] -- Up-to-date: /home/wonsuk1025/jeju_ws/install/my_lane_msgs/include/my_lane_msgs/my_lane_msgs
[0.237s] -- Up-to-date: /home/wonsuk1025/jeju_ws/install/my_lane_msgs/include/my_lane_msgs/my_lane_msgs/msg
[0.237s] -- Up-to-date: /home/wonsuk1025/jeju_ws/install/my_lane_msgs/include/my_lane_msgs/my_lane_msgs/msg/detail
[0.238s] -- Up-to-date: /home/wonsuk1025/jeju_ws/install/my_lane_msgs/include/my_lane_msgs/my_lane_msgs/msg/detail/lane_points__rosidl_typesupport_fastrtps_c.h
[0.238s] -- Up-to-date: /home/wonsuk1025/jeju_ws/install/my_lane_msgs/include/my_lane_msgs/my_lane_msgs/msg/rosidl_typesupport_fastrtps_c__visibility_control.h
[0.238s] -- Up-to-date: /home/wonsuk1025/jeju_ws/install/my_lane_msgs/lib/libmy_lane_msgs__rosidl_typesupport_fastrtps_c.so
[0.238s] -- Up-to-date: /home/wonsuk1025/jeju_ws/install/my_lane_msgs/include/my_lane_msgs/my_lane_msgs
[0.238s] -- Up-to-date: /home/wonsuk1025/jeju_ws/install/my_lane_msgs/include/my_lane_msgs/my_lane_msgs/msg
[0.238s] -- Up-to-date: /home/wonsuk1025/jeju_ws/install/my_lane_msgs/include/my_lane_msgs/my_lane_msgs/msg/rosidl_typesupport_introspection_c__visibility_control.h
[0.238s] -- Up-to-date: /home/wonsuk1025/jeju_ws/install/my_lane_msgs/include/my_lane_msgs/my_lane_msgs/msg/detail
[0.238s] -- Up-to-date: /home/wonsuk1025/jeju_ws/install/my_lane_msgs/include/my_lane_msgs/my_lane_msgs/msg/detail/lane_points__type_support.c
[0.238s] -- Up-to-date: /home/wonsuk1025/jeju_ws/install/my_lane_msgs/include/my_lane_msgs/my_lane_msgs/msg/detail/lane_points__rosidl_typesupport_introspection_c.h
[0.238s] -- Up-to-date: /home/wonsuk1025/jeju_ws/install/my_lane_msgs/lib/libmy_lane_msgs__rosidl_typesupport_introspection_c.so
[0.238s] -- Up-to-date: /home/wonsuk1025/jeju_ws/install/my_lane_msgs/lib/libmy_lane_msgs__rosidl_typesupport_c.so
[0.238s] -- Up-to-date: /home/wonsuk1025/jeju_ws/install/my_lane_msgs/include/my_lane_msgs/my_lane_msgs
[0.238s] -- Up-to-date: /home/wonsuk1025/jeju_ws/install/my_lane_msgs/include/my_lane_msgs/my_lane_msgs/msg
[0.239s] -- Up-to-date: /home/wonsuk1025/jeju_ws/install/my_lane_msgs/include/my_lane_msgs/my_lane_msgs/msg/detail
[0.239s] -- Up-to-date: /home/wonsuk1025/jeju_ws/install/my_lane_msgs/include/my_lane_msgs/my_lane_msgs/msg/detail/lane_points__struct.hpp
[0.239s] -- Up-to-date: /home/wonsuk1025/jeju_ws/install/my_lane_msgs/include/my_lane_msgs/my_lane_msgs/msg/detail/lane_points__type_support.hpp
[0.239s] -- Up-to-date: /home/wonsuk1025/jeju_ws/install/my_lane_msgs/include/my_lane_msgs/my_lane_msgs/msg/detail/lane_points__builder.hpp
[0.239s] -- Up-to-date: /home/wonsuk1025/jeju_ws/install/my_lane_msgs/include/my_lane_msgs/my_lane_msgs/msg/detail/lane_points__traits.hpp
[0.239s] -- Up-to-date: /home/wonsuk1025/jeju_ws/install/my_lane_msgs/include/my_lane_msgs/my_lane_msgs/msg/lane_points.hpp
[0.239s] -- Up-to-date: /home/wonsuk1025/jeju_ws/install/my_lane_msgs/include/my_lane_msgs/my_lane_msgs/msg/rosidl_generator_cpp__visibility_control.hpp
[0.239s] -- Up-to-date: /home/wonsuk1025/jeju_ws/install/my_lane_msgs/include/my_lane_msgs/my_lane_msgs
[0.239s] -- Up-to-date: /home/wonsuk1025/jeju_ws/install/my_lane_msgs/include/my_lane_msgs/my_lane_msgs/msg
[0.239s] -- Up-to-date: /home/wonsuk1025/jeju_ws/install/my_lane_msgs/include/my_lane_msgs/my_lane_msgs/msg/rosidl_typesupport_fastrtps_cpp__visibility_control.h
[0.239s] -- Up-to-date: /home/wonsuk1025/jeju_ws/install/my_lane_msgs/include/my_lane_msgs/my_lane_msgs/msg/detail
[0.239s] -- Up-to-date: /home/wonsuk1025/jeju_ws/install/my_lane_msgs/include/my_lane_msgs/my_lane_msgs/msg/detail/dds_fastrtps
[0.239s] -- Up-to-date: /home/wonsuk1025/jeju_ws/install/my_lane_msgs/include/my_lane_msgs/my_lane_msgs/msg/detail/lane_points__rosidl_typesupport_fastrtps_cpp.hpp
[0.239s] -- Up-to-date: /home/wonsuk1025/jeju_ws/install/my_lane_msgs/lib/libmy_lane_msgs__rosidl_typesupport_fastrtps_cpp.so
[0.240s] -- Up-to-date: /home/wonsuk1025/jeju_ws/install/my_lane_msgs/include/my_lane_msgs/my_lane_msgs
[0.240s] -- Up-to-date: /home/wonsuk1025/jeju_ws/install/my_lane_msgs/include/my_lane_msgs/my_lane_msgs/msg
[0.240s] -- Up-to-date: /home/wonsuk1025/jeju_ws/install/my_lane_msgs/include/my_lane_msgs/my_lane_msgs/msg/detail
[0.240s] -- Up-to-date: /home/wonsuk1025/jeju_ws/install/my_lane_msgs/include/my_lane_msgs/my_lane_msgs/msg/detail/lane_points__rosidl_typesupport_introspection_cpp.hpp
[0.240s] -- Up-to-date: /home/wonsuk1025/jeju_ws/install/my_lane_msgs/include/my_lane_msgs/my_lane_msgs/msg/detail/lane_points__type_support.cpp
[0.240s] -- Up-to-date: /home/wonsuk1025/jeju_ws/install/my_lane_msgs/lib/libmy_lane_msgs__rosidl_typesupport_introspection_cpp.so
[0.240s] -- Up-to-date: /home/wonsuk1025/jeju_ws/install/my_lane_msgs/lib/libmy_lane_msgs__rosidl_typesupport_cpp.so
[0.240s] -- Up-to-date: /home/wonsuk1025/jeju_ws/install/my_lane_msgs/share/my_lane_msgs/environment/pythonpath.sh
[0.240s] -- Up-to-date: /home/wonsuk1025/jeju_ws/install/my_lane_msgs/share/my_lane_msgs/environment/pythonpath.dsv
[0.240s] -- Up-to-date: /home/wonsuk1025/jeju_ws/install/my_lane_msgs/local/lib/python3.10/dist-packages/my_lane_msgs-0.0.1-py3.10.egg-info
[0.240s] -- Installing: /home/wonsuk1025/jeju_ws/install/my_lane_msgs/local/lib/python3.10/dist-packages/my_lane_msgs-0.0.1-py3.10.egg-info/SOURCES.txt
[0.240s] -- Installing: /home/wonsuk1025/jeju_ws/install/my_lane_msgs/local/lib/python3.10/dist-packages/my_lane_msgs-0.0.1-py3.10.egg-info/top_level.txt
[0.240s] -- Installing: /home/wonsuk1025/jeju_ws/install/my_lane_msgs/local/lib/python3.10/dist-packages/my_lane_msgs-0.0.1-py3.10.egg-info/dependency_links.txt
[0.240s] -- Installing: /home/wonsuk1025/jeju_ws/install/my_lane_msgs/local/lib/python3.10/dist-packages/my_lane_msgs-0.0.1-py3.10.egg-info/PKG-INFO
[0.240s] -- Up-to-date: /home/wonsuk1025/jeju_ws/install/my_lane_msgs/local/lib/python3.10/dist-packages/my_lane_msgs
[0.240s] -- Up-to-date: /home/wonsuk1025/jeju_ws/install/my_lane_msgs/local/lib/python3.10/dist-packages/my_lane_msgs/msg
[0.241s] -- Up-to-date: /home/wonsuk1025/jeju_ws/install/my_lane_msgs/local/lib/python3.10/dist-packages/my_lane_msgs/msg/_lane_points_s.c
[0.241s] -- Up-to-date: /home/wonsuk1025/jeju_ws/install/my_lane_msgs/local/lib/python3.10/dist-packages/my_lane_msgs/msg/_lane_points.py
[0.241s] -- Up-to-date: /home/wonsuk1025/jeju_ws/install/my_lane_msgs/local/lib/python3.10/dist-packages/my_lane_msgs/msg/__init__.py
[0.241s] -- Up-to-date: /home/wonsuk1025/jeju_ws/install/my_lane_msgs/local/lib/python3.10/dist-packages/my_lane_msgs/my_lane_msgs_s__rosidl_typesupport_c.cpython-310-x86_64-linux-gnu.so
[0.241s] -- Up-to-date: /home/wonsuk1025/jeju_ws/install/my_lane_msgs/local/lib/python3.10/dist-packages/my_lane_msgs/_my_lane_msgs_s.ep.rosidl_typesupport_introspection_c.c
[0.241s] -- Up-to-date: /home/wonsuk1025/jeju_ws/install/my_lane_msgs/local/lib/python3.10/dist-packages/my_lane_msgs/_my_lane_msgs_s.ep.rosidl_typesupport_fastrtps_c.c
[0.241s] -- Up-to-date: /home/wonsuk1025/jeju_ws/install/my_lane_msgs/local/lib/python3.10/dist-packages/my_lane_msgs/my_lane_msgs_s__rosidl_typesupport_introspection_c.cpython-310-x86_64-linux-gnu.so
[0.241s] -- Up-to-date: /home/wonsuk1025/jeju_ws/install/my_lane_msgs/local/lib/python3.10/dist-packages/my_lane_msgs/_my_lane_msgs_s.ep.rosidl_typesupport_c.c
[0.241s] -- Up-to-date: /home/wonsuk1025/jeju_ws/install/my_lane_msgs/local/lib/python3.10/dist-packages/my_lane_msgs/libmy_lane_msgs__rosidl_generator_py.so
[0.241s] -- Up-to-date: /home/wonsuk1025/jeju_ws/install/my_lane_msgs/local/lib/python3.10/dist-packages/my_lane_msgs/my_lane_msgs_s__rosidl_typesupport_fastrtps_c.cpython-310-x86_64-linux-gnu.so
[0.241s] -- Up-to-date: /home/wonsuk1025/jeju_ws/install/my_lane_msgs/local/lib/python3.10/dist-packages/my_lane_msgs/__init__.py
[0.258s] Listing '/home/wonsuk1025/jeju_ws/install/my_lane_msgs/local/lib/python3.10/dist-packages/my_lane_msgs'...
[0.258s] Listing '/home/wonsuk1025/jeju_ws/install/my_lane_msgs/local/lib/python3.10/dist-packages/my_lane_msgs/msg'...
[0.261s] -- Up-to-date: /home/wonsuk1025/jeju_ws/install/my_lane_msgs/local/lib/python3.10/dist-packages/my_lane_msgs/my_lane_msgs_s__rosidl_typesupport_fastrtps_c.cpython-310-x86_64-linux-gnu.so
[0.261s] -- Up-to-date: /home/wonsuk1025/jeju_ws/install/my_lane_msgs/local/lib/python3.10/dist-packages/my_lane_msgs/my_lane_msgs_s__rosidl_typesupport_introspection_c.cpython-310-x86_64-linux-gnu.so
[0.261s] -- Up-to-date: /home/wonsuk1025/jeju_ws/install/my_lane_msgs/local/lib/python3.10/dist-packages/my_lane_msgs/my_lane_msgs_s__rosidl_typesupport_c.cpython-310-x86_64-linux-gnu.so
[0.261s] -- Up-to-date: /home/wonsuk1025/jeju_ws/install/my_lane_msgs/lib/libmy_lane_msgs__rosidl_generator_py.so
[0.261s] -- Up-to-date: /home/wonsuk1025/jeju_ws/install/my_lane_msgs/share/my_lane_msgs/msg/LanePoints.idl
[0.262s] -- Up-to-date: /home/wonsuk1025/jeju_ws/install/my_lane_msgs/share/my_lane_msgs/msg/LanePoints.msg
[0.262s] -- Up-to-date: /home/wonsuk1025/jeju_ws/install/my_lane_msgs/share/ament_index/resource_index/package_run_dependencies/my_lane_msgs
[0.262s] -- Up-to-date: /home/wonsuk1025/jeju_ws/install/my_lane_msgs/share/ament_index/resource_index/parent_prefix_path/my_lane_msgs
[0.262s] -- Up-to-date: /home/wonsuk1025/jeju_ws/install/my_lane_msgs/share/my_lane_msgs/environment/ament_prefix_path.sh
[0.262s] -- Up-to-date: /home/wonsuk1025/jeju_ws/install/my_lane_msgs/share/my_lane_msgs/environment/ament_prefix_path.dsv
[0.262s] -- Up-to-date: /home/wonsuk1025/jeju_ws/install/my_lane_msgs/share/my_lane_msgs/environment/path.sh
[0.262s] -- Up-to-date: /home/wonsuk1025/jeju_ws/install/my_lane_msgs/share/my_lane_msgs/environment/path.dsv
[0.262s] -- Up-to-date: /home/wonsuk1025/jeju_ws/install/my_lane_msgs/share/my_lane_msgs/local_setup.bash
[0.262s] -- Up-to-date: /home/wonsuk1025/jeju_ws/install/my_lane_msgs/share/my_lane_msgs/local_setup.sh
[0.262s] -- Up-to-date: /home/wonsuk1025/jeju_ws/install/my_lane_msgs/share/my_lane_msgs/local_setup.zsh
[0.262s] -- Up-to-date: /home/wonsuk1025/jeju_ws/install/my_lane_msgs/share/my_lane_msgs/local_setup.dsv
[0.263s] -- Installing: /home/wonsuk1025/jeju_ws/install/my_lane_msgs/share/my_lane_msgs/package.dsv
[0.263s] -- Up-to-date: /home/wonsuk1025/jeju_ws/install/my_lane_msgs/share/ament_index/resource_index/packages/my_lane_msgs
[0.263s] -- Up-to-date: /home/wonsuk1025/jeju_ws/install/my_lane_msgs/share/my_lane_msgs/cmake/export_my_lane_msgs__rosidl_generator_cExport.cmake
[0.263s] -- Up-to-date: /home/wonsuk1025/jeju_ws/install/my_lane_msgs/share/my_lane_msgs/cmake/export_my_lane_msgs__rosidl_generator_cExport-noconfig.cmake
[0.263s] -- Up-to-date: /home/wonsuk1025/jeju_ws/install/my_lane_msgs/share/my_lane_msgs/cmake/export_my_lane_msgs__rosidl_typesupport_fastrtps_cExport.cmake
[0.263s] -- Up-to-date: /home/wonsuk1025/jeju_ws/install/my_lane_msgs/share/my_lane_msgs/cmake/export_my_lane_msgs__rosidl_typesupport_fastrtps_cExport-noconfig.cmake
[0.263s] -- Up-to-date: /home/wonsuk1025/jeju_ws/install/my_lane_msgs/share/my_lane_msgs/cmake/my_lane_msgs__rosidl_typesupport_introspection_cExport.cmake
[0.263s] -- Up-to-date: /home/wonsuk1025/jeju_ws/install/my_lane_msgs/share/my_lane_msgs/cmake/my_lane_msgs__rosidl_typesupport_introspection_cExport-noconfig.cmake
[0.263s] -- Up-to-date: /home/wonsuk1025/jeju_ws/install/my_lane_msgs/share/my_lane_msgs/cmake/my_lane_msgs__rosidl_typesupport_cExport.cmake
[0.263s] -- Up-to-date: /home/wonsuk1025/jeju_ws/install/my_lane_msgs/share/my_lane_msgs/cmake/my_lane_msgs__rosidl_typesupport_cExport-noconfig.cmake
[0.263s] -- Up-to-date: /home/wonsuk1025/jeju_ws/install/my_lane_msgs/share/my_lane_msgs/cmake/export_my_lane_msgs__rosidl_generator_cppExport.cmake
[0.263s] -- Up-to-date: /home/wonsuk1025/jeju_ws/install/my_lane_msgs/share/my_lane_msgs/cmake/export_my_lane_msgs__rosidl_typesupport_fastrtps_cppExport.cmake
[0.263s] -- Up-to-date: /home/wonsuk1025/jeju_ws/install/my_lane_msgs/share/my_lane_msgs/cmake/export_my_lane_msgs__rosidl_typesupport_fastrtps_cppExport-noconfig.cmake
[0.263s] -- Up-to-date: /home/wonsuk1025/jeju_ws/install/my_lane_msgs/share/my_lane_msgs/cmake/my_lane_msgs__rosidl_typesupport_introspection_cppExport.cmake
[0.264s] -- Up-to-date: /home/wonsuk1025/jeju_ws/install/my_lane_msgs/share/my_lane_msgs/cmake/my_lane_msgs__rosidl_typesupport_introspection_cppExport-noconfig.cmake
[0.264s] -- Up-to-date: /home/wonsuk1025/jeju_ws/install/my_lane_msgs/share/my_lane_msgs/cmake/my_lane_msgs__rosidl_typesupport_cppExport.cmake
[0.264s] -- Up-to-date: /home/wonsuk1025/jeju_ws/install/my_lane_msgs/share/my_lane_msgs/cmake/my_lane_msgs__rosidl_typesupport_cppExport-noconfig.cmake
[0.264s] -- Up-to-date: /home/wonsuk1025/jeju_ws/install/my_lane_msgs/share/my_lane_msgs/cmake/export_my_lane_msgs__rosidl_generator_pyExport.cmake
[0.264s] -- Up-to-date: /home/wonsuk1025/jeju_ws/install/my_lane_msgs/share/my_lane_msgs/cmake/export_my_lane_msgs__rosidl_generator_pyExport-noconfig.cmake
[0.264s] -- Up-to-date: /home/wonsuk1025/jeju_ws/install/my_lane_msgs/share/my_lane_msgs/cmake/rosidl_cmake-extras.cmake
[0.264s] -- Up-to-date: /home/wonsuk1025/jeju_ws/install/my_lane_msgs/share/my_lane_msgs/cmake/ament_cmake_export_include_directories-extras.cmake
[0.264s] -- Up-to-date: /home/wonsuk1025/jeju_ws/install/my_lane_msgs/share/my_lane_msgs/cmake/ament_cmake_export_libraries-extras.cmake
[0.264s] -- Up-to-date: /home/wonsuk1025/jeju_ws/install/my_lane_msgs/share/my_lane_msgs/cmake/ament_cmake_export_targets-extras.cmake
[0.264s] -- Up-to-date: /home/wonsuk1025/jeju_ws/install/my_lane_msgs/share/my_lane_msgs/cmake/rosidl_cmake_export_typesupport_targets-extras.cmake
[0.264s] -- Up-to-date: /home/wonsuk1025/jeju_ws/install/my_lane_msgs/share/my_lane_msgs/cmake/ament_cmake_export_dependencies-extras.cmake
[0.264s] -- Up-to-date: /home/wonsuk1025/jeju_ws/install/my_lane_msgs/share/my_lane_msgs/cmake/rosidl_cmake_export_typesupport_libraries-extras.cmake
[0.264s] -- Up-to-date: /home/wonsuk1025/jeju_ws/install/my_lane_msgs/share/my_lane_msgs/cmake/my_lane_msgsConfig.cmake
[0.265s] -- Up-to-date: /home/wonsuk1025/jeju_ws/install/my_lane_msgs/share/my_lane_msgs/cmake/my_lane_msgsConfig-version.cmake
[0.265s] -- Up-to-date: /home/wonsuk1025/jeju_ws/install/my_lane_msgs/share/my_lane_msgs/package.xml
[0.266s] Invoked command in '/home/wonsuk1025/jeju_ws/build/my_lane_msgs' returned '0': CMAKE_PREFIX_PATH=${CMAKE_PREFIX_PATH}:/home/wonsuk1025/jeju_ws/install/jeju:/opt/ros/humble /usr/bin/cmake --install /home/wonsuk1025/jeju_ws/build/my_lane_msgs
