[0.011s] Invoking command in '/home/wonsuk1025/jeju_ws/build/my_lane_msgs': CMAKE_PREFIX_PATH=/opt/ros/humble /usr/bin/cmake --build /home/wonsuk1025/jeju_ws/build/my_lane_msgs -- -j16 -l16
[0.074s] [  3%] Built target my_lane_msgs__cpp
[0.077s] [ 12%] Built target my_lane_msgs__rosidl_generator_c
[0.085s] [ 12%] Built target ament_cmake_python_copy_my_lane_msgs
[0.096s] [ 48%] Built target my_lane_msgs__rosidl_typesupport_introspection_c
[0.096s] [ 51%] Built target my_lane_msgs__rosidl_typesupport_fastrtps_c
[0.096s] [ 58%] Built target my_lane_msgs__rosidl_typesupport_fastrtps_cpp
[0.096s] [ 48%] Built target my_lane_msgs__rosidl_typesupport_c
[0.096s] [ 70%] Built target my_lane_msgs__rosidl_typesupport_introspection_cpp
[0.096s] [ 70%] Built target my_lane_msgs__rosidl_typesupport_cpp
[0.119s] [ 70%] Built target my_lane_msgs
[0.142s] [ 74%] Built target my_lane_msgs__py
[0.167s] [ 80%] Built target my_lane_msgs__rosidl_generator_py
[0.190s] [100%] Built target my_lane_msgs__rosidl_typesupport_introspection_c__pyext
[0.190s] [100%] Built target my_lane_msgs__rosidl_typesupport_fastrtps_c__pyext
[0.190s] [100%] Built target my_lane_msgs__rosidl_typesupport_c__pyext
[0.233s] running egg_info
[0.234s] writing my_lane_msgs.egg-info/PKG-INFO
[0.234s] writing dependency_links to my_lane_msgs.egg-info/dependency_links.txt
[0.234s] writing top-level names to my_lane_msgs.egg-info/top_level.txt
[0.236s] reading manifest file 'my_lane_msgs.egg-info/SOURCES.txt'
[0.236s] writing manifest file 'my_lane_msgs.egg-info/SOURCES.txt'
[0.263s] [100%] Built target ament_cmake_python_build_my_lane_msgs_egg
[0.275s] Invoked command in '/home/wonsuk1025/jeju_ws/build/my_lane_msgs' returned '0': CMAKE_PREFIX_PATH=/opt/ros/humble /usr/bin/cmake --build /home/wonsuk1025/jeju_ws/build/my_lane_msgs -- -j16 -l16
[0.286s] Invoking command in '/home/wonsuk1025/jeju_ws/build/my_lane_msgs': CMAKE_PREFIX_PATH=/opt/ros/humble /usr/bin/cmake --install /home/wonsuk1025/jeju_ws/build/my_lane_msgs
[0.292s] -- Install configuration: ""
[0.293s] -- Up-to-date: /home/wonsuk1025/jeju_ws/install/my_lane_msgs/share/ament_index/resource_index/rosidl_interfaces/my_lane_msgs
[0.293s] -- Up-to-date: /home/wonsuk1025/jeju_ws/install/my_lane_msgs/include/my_lane_msgs/my_lane_msgs
[0.293s] -- Up-to-date: /home/wonsuk1025/jeju_ws/install/my_lane_msgs/include/my_lane_msgs/my_lane_msgs/msg
[0.293s] -- Up-to-date: /home/wonsuk1025/jeju_ws/install/my_lane_msgs/include/my_lane_msgs/my_lane_msgs/msg/lane_points.h
[0.293s] -- Up-to-date: /home/wonsuk1025/jeju_ws/install/my_lane_msgs/include/my_lane_msgs/my_lane_msgs/msg/detail
[0.293s] -- Up-to-date: /home/wonsuk1025/jeju_ws/install/my_lane_msgs/include/my_lane_msgs/my_lane_msgs/msg/detail/lane_points__type_support.h
[0.293s] -- Up-to-date: /home/wonsuk1025/jeju_ws/install/my_lane_msgs/include/my_lane_msgs/my_lane_msgs/msg/detail/lane_points__functions.h
[0.293s] -- Up-to-date: /home/wonsuk1025/jeju_ws/install/my_lane_msgs/include/my_lane_msgs/my_lane_msgs/msg/detail/lane_points__struct.h
[0.293s] -- Up-to-date: /home/wonsuk1025/jeju_ws/install/my_lane_msgs/include/my_lane_msgs/my_lane_msgs/msg/detail/lane_points__functions.c
[0.293s] -- Up-to-date: /home/wonsuk1025/jeju_ws/install/my_lane_msgs/include/my_lane_msgs/my_lane_msgs/msg/rosidl_generator_c__visibility_control.h
[0.293s] -- Up-to-date: /home/wonsuk1025/jeju_ws/install/my_lane_msgs/share/my_lane_msgs/environment/library_path.sh
[0.293s] -- Up-to-date: /home/wonsuk1025/jeju_ws/install/my_lane_msgs/share/my_lane_msgs/environment/library_path.dsv
[0.294s] -- Up-to-date: /home/wonsuk1025/jeju_ws/install/my_lane_msgs/lib/libmy_lane_msgs__rosidl_generator_c.so
[0.294s] -- Up-to-date: /home/wonsuk1025/jeju_ws/install/my_lane_msgs/include/my_lane_msgs/my_lane_msgs
[0.294s] -- Up-to-date: /home/wonsuk1025/jeju_ws/install/my_lane_msgs/include/my_lane_msgs/my_lane_msgs/msg
[0.294s] -- Up-to-date: /home/wonsuk1025/jeju_ws/install/my_lane_msgs/include/my_lane_msgs/my_lane_msgs/msg/detail
[0.294s] -- Up-to-date: /home/wonsuk1025/jeju_ws/install/my_lane_msgs/include/my_lane_msgs/my_lane_msgs/msg/detail/lane_points__rosidl_typesupport_fastrtps_c.h
[0.294s] -- Up-to-date: /home/wonsuk1025/jeju_ws/install/my_lane_msgs/include/my_lane_msgs/my_lane_msgs/msg/rosidl_typesupport_fastrtps_c__visibility_control.h
[0.294s] -- Up-to-date: /home/wonsuk1025/jeju_ws/install/my_lane_msgs/lib/libmy_lane_msgs__rosidl_typesupport_fastrtps_c.so
[0.294s] -- Up-to-date: /home/wonsuk1025/jeju_ws/install/my_lane_msgs/include/my_lane_msgs/my_lane_msgs
[0.294s] -- Up-to-date: /home/wonsuk1025/jeju_ws/install/my_lane_msgs/include/my_lane_msgs/my_lane_msgs/msg
[0.294s] -- Up-to-date: /home/wonsuk1025/jeju_ws/install/my_lane_msgs/include/my_lane_msgs/my_lane_msgs/msg/rosidl_typesupport_introspection_c__visibility_control.h
[0.294s] -- Up-to-date: /home/wonsuk1025/jeju_ws/install/my_lane_msgs/include/my_lane_msgs/my_lane_msgs/msg/detail
[0.294s] -- Up-to-date: /home/wonsuk1025/jeju_ws/install/my_lane_msgs/include/my_lane_msgs/my_lane_msgs/msg/detail/lane_points__type_support.c
[0.294s] -- Up-to-date: /home/wonsuk1025/jeju_ws/install/my_lane_msgs/include/my_lane_msgs/my_lane_msgs/msg/detail/lane_points__rosidl_typesupport_introspection_c.h
[0.295s] -- Up-to-date: /home/wonsuk1025/jeju_ws/install/my_lane_msgs/lib/libmy_lane_msgs__rosidl_typesupport_introspection_c.so
[0.295s] -- Up-to-date: /home/wonsuk1025/jeju_ws/install/my_lane_msgs/lib/libmy_lane_msgs__rosidl_typesupport_c.so
[0.295s] -- Up-to-date: /home/wonsuk1025/jeju_ws/install/my_lane_msgs/include/my_lane_msgs/my_lane_msgs
[0.295s] -- Up-to-date: /home/wonsuk1025/jeju_ws/install/my_lane_msgs/include/my_lane_msgs/my_lane_msgs/msg
[0.295s] -- Up-to-date: /home/wonsuk1025/jeju_ws/install/my_lane_msgs/include/my_lane_msgs/my_lane_msgs/msg/detail
[0.295s] -- Up-to-date: /home/wonsuk1025/jeju_ws/install/my_lane_msgs/include/my_lane_msgs/my_lane_msgs/msg/detail/lane_points__struct.hpp
[0.295s] -- Up-to-date: /home/wonsuk1025/jeju_ws/install/my_lane_msgs/include/my_lane_msgs/my_lane_msgs/msg/detail/lane_points__type_support.hpp
[0.296s] -- Up-to-date: /home/wonsuk1025/jeju_ws/install/my_lane_msgs/include/my_lane_msgs/my_lane_msgs/msg/detail/lane_points__builder.hpp
[0.296s] -- Up-to-date: /home/wonsuk1025/jeju_ws/install/my_lane_msgs/include/my_lane_msgs/my_lane_msgs/msg/detail/lane_points__traits.hpp
[0.296s] -- Up-to-date: /home/wonsuk1025/jeju_ws/install/my_lane_msgs/include/my_lane_msgs/my_lane_msgs/msg/lane_points.hpp
[0.296s] -- Up-to-date: /home/wonsuk1025/jeju_ws/install/my_lane_msgs/include/my_lane_msgs/my_lane_msgs/msg/rosidl_generator_cpp__visibility_control.hpp
[0.296s] -- Up-to-date: /home/wonsuk1025/jeju_ws/install/my_lane_msgs/include/my_lane_msgs/my_lane_msgs
[0.296s] -- Up-to-date: /home/wonsuk1025/jeju_ws/install/my_lane_msgs/include/my_lane_msgs/my_lane_msgs/msg
[0.296s] -- Up-to-date: /home/wonsuk1025/jeju_ws/install/my_lane_msgs/include/my_lane_msgs/my_lane_msgs/msg/rosidl_typesupport_fastrtps_cpp__visibility_control.h
[0.296s] -- Up-to-date: /home/wonsuk1025/jeju_ws/install/my_lane_msgs/include/my_lane_msgs/my_lane_msgs/msg/detail
[0.296s] -- Up-to-date: /home/wonsuk1025/jeju_ws/install/my_lane_msgs/include/my_lane_msgs/my_lane_msgs/msg/detail/dds_fastrtps
[0.296s] -- Up-to-date: /home/wonsuk1025/jeju_ws/install/my_lane_msgs/include/my_lane_msgs/my_lane_msgs/msg/detail/lane_points__rosidl_typesupport_fastrtps_cpp.hpp
[0.296s] -- Up-to-date: /home/wonsuk1025/jeju_ws/install/my_lane_msgs/lib/libmy_lane_msgs__rosidl_typesupport_fastrtps_cpp.so
[0.296s] -- Up-to-date: /home/wonsuk1025/jeju_ws/install/my_lane_msgs/include/my_lane_msgs/my_lane_msgs
[0.296s] -- Up-to-date: /home/wonsuk1025/jeju_ws/install/my_lane_msgs/include/my_lane_msgs/my_lane_msgs/msg
[0.296s] -- Up-to-date: /home/wonsuk1025/jeju_ws/install/my_lane_msgs/include/my_lane_msgs/my_lane_msgs/msg/detail
[0.297s] -- Up-to-date: /home/wonsuk1025/jeju_ws/install/my_lane_msgs/include/my_lane_msgs/my_lane_msgs/msg/detail/lane_points__rosidl_typesupport_introspection_cpp.hpp
[0.297s] -- Up-to-date: /home/wonsuk1025/jeju_ws/install/my_lane_msgs/include/my_lane_msgs/my_lane_msgs/msg/detail/lane_points__type_support.cpp
[0.297s] -- Up-to-date: /home/wonsuk1025/jeju_ws/install/my_lane_msgs/lib/libmy_lane_msgs__rosidl_typesupport_introspection_cpp.so
[0.298s] -- Up-to-date: /home/wonsuk1025/jeju_ws/install/my_lane_msgs/lib/libmy_lane_msgs__rosidl_typesupport_cpp.so
[0.298s] -- Up-to-date: /home/wonsuk1025/jeju_ws/install/my_lane_msgs/share/my_lane_msgs/environment/pythonpath.sh
[0.298s] -- Up-to-date: /home/wonsuk1025/jeju_ws/install/my_lane_msgs/share/my_lane_msgs/environment/pythonpath.dsv
[0.298s] -- Up-to-date: /home/wonsuk1025/jeju_ws/install/my_lane_msgs/local/lib/python3.10/dist-packages/my_lane_msgs-0.0.1-py3.10.egg-info
[0.298s] -- Installing: /home/wonsuk1025/jeju_ws/install/my_lane_msgs/local/lib/python3.10/dist-packages/my_lane_msgs-0.0.1-py3.10.egg-info/SOURCES.txt
[0.298s] -- Installing: /home/wonsuk1025/jeju_ws/install/my_lane_msgs/local/lib/python3.10/dist-packages/my_lane_msgs-0.0.1-py3.10.egg-info/top_level.txt
[0.298s] -- Installing: /home/wonsuk1025/jeju_ws/install/my_lane_msgs/local/lib/python3.10/dist-packages/my_lane_msgs-0.0.1-py3.10.egg-info/dependency_links.txt
[0.298s] -- Installing: /home/wonsuk1025/jeju_ws/install/my_lane_msgs/local/lib/python3.10/dist-packages/my_lane_msgs-0.0.1-py3.10.egg-info/PKG-INFO
[0.298s] -- Up-to-date: /home/wonsuk1025/jeju_ws/install/my_lane_msgs/local/lib/python3.10/dist-packages/my_lane_msgs
[0.298s] -- Up-to-date: /home/wonsuk1025/jeju_ws/install/my_lane_msgs/local/lib/python3.10/dist-packages/my_lane_msgs/msg
[0.298s] -- Up-to-date: /home/wonsuk1025/jeju_ws/install/my_lane_msgs/local/lib/python3.10/dist-packages/my_lane_msgs/msg/_lane_points_s.c
[0.298s] -- Up-to-date: /home/wonsuk1025/jeju_ws/install/my_lane_msgs/local/lib/python3.10/dist-packages/my_lane_msgs/msg/_lane_points.py
[0.299s] -- Up-to-date: /home/wonsuk1025/jeju_ws/install/my_lane_msgs/local/lib/python3.10/dist-packages/my_lane_msgs/msg/__init__.py
[0.299s] -- Up-to-date: /home/wonsuk1025/jeju_ws/install/my_lane_msgs/local/lib/python3.10/dist-packages/my_lane_msgs/my_lane_msgs_s__rosidl_typesupport_c.cpython-310-x86_64-linux-gnu.so
[0.299s] -- Up-to-date: /home/wonsuk1025/jeju_ws/install/my_lane_msgs/local/lib/python3.10/dist-packages/my_lane_msgs/_my_lane_msgs_s.ep.rosidl_typesupport_introspection_c.c
[0.299s] -- Up-to-date: /home/wonsuk1025/jeju_ws/install/my_lane_msgs/local/lib/python3.10/dist-packages/my_lane_msgs/_my_lane_msgs_s.ep.rosidl_typesupport_fastrtps_c.c
[0.299s] -- Up-to-date: /home/wonsuk1025/jeju_ws/install/my_lane_msgs/local/lib/python3.10/dist-packages/my_lane_msgs/my_lane_msgs_s__rosidl_typesupport_introspection_c.cpython-310-x86_64-linux-gnu.so
[0.299s] -- Up-to-date: /home/wonsuk1025/jeju_ws/install/my_lane_msgs/local/lib/python3.10/dist-packages/my_lane_msgs/_my_lane_msgs_s.ep.rosidl_typesupport_c.c
[0.299s] -- Up-to-date: /home/wonsuk1025/jeju_ws/install/my_lane_msgs/local/lib/python3.10/dist-packages/my_lane_msgs/libmy_lane_msgs__rosidl_generator_py.so
[0.299s] -- Up-to-date: /home/wonsuk1025/jeju_ws/install/my_lane_msgs/local/lib/python3.10/dist-packages/my_lane_msgs/my_lane_msgs_s__rosidl_typesupport_fastrtps_c.cpython-310-x86_64-linux-gnu.so
[0.299s] -- Up-to-date: /home/wonsuk1025/jeju_ws/install/my_lane_msgs/local/lib/python3.10/dist-packages/my_lane_msgs/__init__.py
[0.319s] Listing '/home/wonsuk1025/jeju_ws/install/my_lane_msgs/local/lib/python3.10/dist-packages/my_lane_msgs'...
[0.319s] Listing '/home/wonsuk1025/jeju_ws/install/my_lane_msgs/local/lib/python3.10/dist-packages/my_lane_msgs/msg'...
[0.323s] -- Up-to-date: /home/wonsuk1025/jeju_ws/install/my_lane_msgs/local/lib/python3.10/dist-packages/my_lane_msgs/my_lane_msgs_s__rosidl_typesupport_fastrtps_c.cpython-310-x86_64-linux-gnu.so
[0.323s] -- Up-to-date: /home/wonsuk1025/jeju_ws/install/my_lane_msgs/local/lib/python3.10/dist-packages/my_lane_msgs/my_lane_msgs_s__rosidl_typesupport_introspection_c.cpython-310-x86_64-linux-gnu.so
[0.324s] -- Up-to-date: /home/wonsuk1025/jeju_ws/install/my_lane_msgs/local/lib/python3.10/dist-packages/my_lane_msgs/my_lane_msgs_s__rosidl_typesupport_c.cpython-310-x86_64-linux-gnu.so
[0.324s] -- Up-to-date: /home/wonsuk1025/jeju_ws/install/my_lane_msgs/lib/libmy_lane_msgs__rosidl_generator_py.so
[0.324s] -- Up-to-date: /home/wonsuk1025/jeju_ws/install/my_lane_msgs/share/my_lane_msgs/msg/LanePoints.idl
[0.324s] -- Up-to-date: /home/wonsuk1025/jeju_ws/install/my_lane_msgs/share/my_lane_msgs/msg/LanePoints.msg
[0.325s] -- Up-to-date: /home/wonsuk1025/jeju_ws/install/my_lane_msgs/share/ament_index/resource_index/package_run_dependencies/my_lane_msgs
[0.325s] -- Up-to-date: /home/wonsuk1025/jeju_ws/install/my_lane_msgs/share/ament_index/resource_index/parent_prefix_path/my_lane_msgs
[0.325s] -- Up-to-date: /home/wonsuk1025/jeju_ws/install/my_lane_msgs/share/my_lane_msgs/environment/ament_prefix_path.sh
[0.325s] -- Up-to-date: /home/wonsuk1025/jeju_ws/install/my_lane_msgs/share/my_lane_msgs/environment/ament_prefix_path.dsv
[0.325s] -- Up-to-date: /home/wonsuk1025/jeju_ws/install/my_lane_msgs/share/my_lane_msgs/environment/path.sh
[0.325s] -- Up-to-date: /home/wonsuk1025/jeju_ws/install/my_lane_msgs/share/my_lane_msgs/environment/path.dsv
[0.325s] -- Up-to-date: /home/wonsuk1025/jeju_ws/install/my_lane_msgs/share/my_lane_msgs/local_setup.bash
[0.325s] -- Up-to-date: /home/wonsuk1025/jeju_ws/install/my_lane_msgs/share/my_lane_msgs/local_setup.sh
[0.325s] -- Up-to-date: /home/wonsuk1025/jeju_ws/install/my_lane_msgs/share/my_lane_msgs/local_setup.zsh
[0.325s] -- Up-to-date: /home/wonsuk1025/jeju_ws/install/my_lane_msgs/share/my_lane_msgs/local_setup.dsv
[0.325s] -- Installing: /home/wonsuk1025/jeju_ws/install/my_lane_msgs/share/my_lane_msgs/package.dsv
[0.325s] -- Up-to-date: /home/wonsuk1025/jeju_ws/install/my_lane_msgs/share/ament_index/resource_index/packages/my_lane_msgs
[0.325s] -- Up-to-date: /home/wonsuk1025/jeju_ws/install/my_lane_msgs/share/my_lane_msgs/cmake/export_my_lane_msgs__rosidl_generator_cExport.cmake
[0.325s] -- Up-to-date: /home/wonsuk1025/jeju_ws/install/my_lane_msgs/share/my_lane_msgs/cmake/export_my_lane_msgs__rosidl_generator_cExport-noconfig.cmake
[0.325s] -- Up-to-date: /home/wonsuk1025/jeju_ws/install/my_lane_msgs/share/my_lane_msgs/cmake/export_my_lane_msgs__rosidl_typesupport_fastrtps_cExport.cmake
[0.325s] -- Up-to-date: /home/wonsuk1025/jeju_ws/install/my_lane_msgs/share/my_lane_msgs/cmake/export_my_lane_msgs__rosidl_typesupport_fastrtps_cExport-noconfig.cmake
[0.326s] -- Up-to-date: /home/wonsuk1025/jeju_ws/install/my_lane_msgs/share/my_lane_msgs/cmake/my_lane_msgs__rosidl_typesupport_introspection_cExport.cmake
[0.326s] -- Up-to-date: /home/wonsuk1025/jeju_ws/install/my_lane_msgs/share/my_lane_msgs/cmake/my_lane_msgs__rosidl_typesupport_introspection_cExport-noconfig.cmake
[0.326s] -- Up-to-date: /home/wonsuk1025/jeju_ws/install/my_lane_msgs/share/my_lane_msgs/cmake/my_lane_msgs__rosidl_typesupport_cExport.cmake
[0.326s] -- Up-to-date: /home/wonsuk1025/jeju_ws/install/my_lane_msgs/share/my_lane_msgs/cmake/my_lane_msgs__rosidl_typesupport_cExport-noconfig.cmake
[0.326s] -- Up-to-date: /home/wonsuk1025/jeju_ws/install/my_lane_msgs/share/my_lane_msgs/cmake/export_my_lane_msgs__rosidl_generator_cppExport.cmake
[0.326s] -- Up-to-date: /home/wonsuk1025/jeju_ws/install/my_lane_msgs/share/my_lane_msgs/cmake/export_my_lane_msgs__rosidl_typesupport_fastrtps_cppExport.cmake
[0.326s] -- Up-to-date: /home/wonsuk1025/jeju_ws/install/my_lane_msgs/share/my_lane_msgs/cmake/export_my_lane_msgs__rosidl_typesupport_fastrtps_cppExport-noconfig.cmake
[0.327s] -- Up-to-date: /home/wonsuk1025/jeju_ws/install/my_lane_msgs/share/my_lane_msgs/cmake/my_lane_msgs__rosidl_typesupport_introspection_cppExport.cmake
[0.327s] -- Up-to-date: /home/wonsuk1025/jeju_ws/install/my_lane_msgs/share/my_lane_msgs/cmake/my_lane_msgs__rosidl_typesupport_introspection_cppExport-noconfig.cmake
[0.327s] -- Up-to-date: /home/wonsuk1025/jeju_ws/install/my_lane_msgs/share/my_lane_msgs/cmake/my_lane_msgs__rosidl_typesupport_cppExport.cmake
[0.327s] -- Up-to-date: /home/wonsuk1025/jeju_ws/install/my_lane_msgs/share/my_lane_msgs/cmake/my_lane_msgs__rosidl_typesupport_cppExport-noconfig.cmake
[0.327s] -- Up-to-date: /home/wonsuk1025/jeju_ws/install/my_lane_msgs/share/my_lane_msgs/cmake/export_my_lane_msgs__rosidl_generator_pyExport.cmake
[0.327s] -- Up-to-date: /home/wonsuk1025/jeju_ws/install/my_lane_msgs/share/my_lane_msgs/cmake/export_my_lane_msgs__rosidl_generator_pyExport-noconfig.cmake
[0.327s] -- Up-to-date: /home/wonsuk1025/jeju_ws/install/my_lane_msgs/share/my_lane_msgs/cmake/rosidl_cmake-extras.cmake
[0.327s] -- Up-to-date: /home/wonsuk1025/jeju_ws/install/my_lane_msgs/share/my_lane_msgs/cmake/ament_cmake_export_include_directories-extras.cmake
[0.327s] -- Up-to-date: /home/wonsuk1025/jeju_ws/install/my_lane_msgs/share/my_lane_msgs/cmake/ament_cmake_export_libraries-extras.cmake
[0.327s] -- Up-to-date: /home/wonsuk1025/jeju_ws/install/my_lane_msgs/share/my_lane_msgs/cmake/ament_cmake_export_targets-extras.cmake
[0.327s] -- Up-to-date: /home/wonsuk1025/jeju_ws/install/my_lane_msgs/share/my_lane_msgs/cmake/rosidl_cmake_export_typesupport_targets-extras.cmake
[0.327s] -- Up-to-date: /home/wonsuk1025/jeju_ws/install/my_lane_msgs/share/my_lane_msgs/cmake/ament_cmake_export_dependencies-extras.cmake
[0.327s] -- Up-to-date: /home/wonsuk1025/jeju_ws/install/my_lane_msgs/share/my_lane_msgs/cmake/rosidl_cmake_export_typesupport_libraries-extras.cmake
[0.327s] -- Up-to-date: /home/wonsuk1025/jeju_ws/install/my_lane_msgs/share/my_lane_msgs/cmake/my_lane_msgsConfig.cmake
[0.327s] -- Up-to-date: /home/wonsuk1025/jeju_ws/install/my_lane_msgs/share/my_lane_msgs/cmake/my_lane_msgsConfig-version.cmake
[0.328s] -- Up-to-date: /home/wonsuk1025/jeju_ws/install/my_lane_msgs/share/my_lane_msgs/package.xml
[0.331s] Invoked command in '/home/wonsuk1025/jeju_ws/build/my_lane_msgs' returned '0': CMAKE_PREFIX_PATH=/opt/ros/humble /usr/bin/cmake --install /home/wonsuk1025/jeju_ws/build/my_lane_msgs
