[0.357s] Invoking command in '/home/wonsuk1025/jeju_ws/src/jeju': AMENT_PREFIX_PATH=/home/wonsuk1025/jeju_ws/install/my_lane_msgs:${AMENT_PREFIX_PATH} CMAKE_PREFIX_PATH=/home/wonsuk1025/jeju_ws/install/my_lane_msgs LD_LIBRARY_PATH=/home/wonsuk1025/jeju_ws/install/my_lane_msgs/lib:/opt/ros/humble/opt/rviz_ogre_vendor/lib:/opt/ros/humble/lib/x86_64-linux-gnu:/opt/ros/humble/lib:/usr/local/cuda-12.4/lib64 PYTHONPATH=/home/wonsuk1025/jeju_ws/build/jeju/prefix_override:/usr/lib/python3/dist-packages/colcon_core/task/python/colcon_distutils_commands:/home/wonsuk1025/jeju_ws/install/jeju/lib/python3.10/site-packages:/home/wonsuk1025/jeju_ws/install/my_lane_msgs/local/lib/python3.10/dist-packages:${PYTHONPATH} /usr/bin/python3 -W ignore:setup.py install is deprecated -W ignore:easy_install command is deprecated setup.py egg_info --egg-base ../../build/jeju build --build-base /home/wonsuk1025/jeju_ws/build/jeju/build install --record /home/wonsuk1025/jeju_ws/build/jeju/install.log --single-version-externally-managed install_data
[0.476s] running egg_info
[0.477s] writing ../../build/jeju/jeju.egg-info/PKG-INFO
[0.477s] writing dependency_links to ../../build/jeju/jeju.egg-info/dependency_links.txt
[0.477s] writing entry points to ../../build/jeju/jeju.egg-info/entry_points.txt
[0.477s] writing requirements to ../../build/jeju/jeju.egg-info/requires.txt
[0.477s] writing top-level names to ../../build/jeju/jeju.egg-info/top_level.txt
[0.478s] reading manifest file '../../build/jeju/jeju.egg-info/SOURCES.txt'
[0.481s] adding license file 'LICENSE'
[0.482s] writing manifest file '../../build/jeju/jeju.egg-info/SOURCES.txt'
[0.482s] running build
[0.482s] running build_py
[0.482s] copying jeju/lane.py -> /home/wonsuk1025/jeju_ws/build/jeju/build/lib/jeju
[0.483s] running install
[0.483s] running install_lib
[0.484s] copying /home/wonsuk1025/jeju_ws/build/jeju/build/lib/jeju/lane.py -> /home/wonsuk1025/jeju_ws/install/jeju/lib/python3.10/site-packages/jeju
[0.484s] byte-compiling /home/wonsuk1025/jeju_ws/install/jeju/lib/python3.10/site-packages/jeju/lane.py to lane.cpython-310.pyc
[0.486s] running install_data
[0.486s] running install_egg_info
[0.488s] removing '/home/wonsuk1025/jeju_ws/install/jeju/lib/python3.10/site-packages/jeju-0.0.1-py3.10.egg-info' (and everything under it)
[0.488s] Copying ../../build/jeju/jeju.egg-info to /home/wonsuk1025/jeju_ws/install/jeju/lib/python3.10/site-packages/jeju-0.0.1-py3.10.egg-info
[0.489s] running install_scripts
[0.500s] Installing control_node script to /home/wonsuk1025/jeju_ws/install/jeju/lib/jeju
[0.501s] Installing highcontrol_node script to /home/wonsuk1025/jeju_ws/install/jeju/lib/jeju
[0.501s] Installing lane_node script to /home/wonsuk1025/jeju_ws/install/jeju/lib/jeju
[0.501s] Installing path_node script to /home/wonsuk1025/jeju_ws/install/jeju/lib/jeju
[0.501s] writing list of installed files to '/home/wonsuk1025/jeju_ws/build/jeju/install.log'
[0.517s] Invoked command in '/home/wonsuk1025/jeju_ws/src/jeju' returned '0': AMENT_PREFIX_PATH=/home/wonsuk1025/jeju_ws/install/my_lane_msgs:${AMENT_PREFIX_PATH} CMAKE_PREFIX_PATH=/home/wonsuk1025/jeju_ws/install/my_lane_msgs LD_LIBRARY_PATH=/home/wonsuk1025/jeju_ws/install/my_lane_msgs/lib:/opt/ros/humble/opt/rviz_ogre_vendor/lib:/opt/ros/humble/lib/x86_64-linux-gnu:/opt/ros/humble/lib:/usr/local/cuda-12.4/lib64 PYTHONPATH=/home/wonsuk1025/jeju_ws/build/jeju/prefix_override:/usr/lib/python3/dist-packages/colcon_core/task/python/colcon_distutils_commands:/home/wonsuk1025/jeju_ws/install/jeju/lib/python3.10/site-packages:/home/wonsuk1025/jeju_ws/install/my_lane_msgs/local/lib/python3.10/dist-packages:${PYTHONPATH} /usr/bin/python3 -W ignore:setup.py install is deprecated -W ignore:easy_install command is deprecated setup.py egg_info --egg-base ../../build/jeju build --build-base /home/wonsuk1025/jeju_ws/build/jeju/build install --record /home/wonsuk1025/jeju_ws/build/jeju/install.log --single-version-externally-managed install_data
